#
# There is insufficient memory for the Java Runtime Environment to continue.
# Native memory allocation (malloc) failed to allocate 1048576 bytes for AllocateHeap
# Possible reasons:
#   The system is out of physical RAM or swap space
#   The process is running with CompressedOops enabled, and the Java Heap may be blocking the growth of the native heap
# Possible solutions:
#   Reduce memory load on the system
#   Increase physical memory or swap space
#   Check if swap backing store is full
#   Decrease Java heap size (-Xmx/-Xms)
#   Decrease number of Java threads
#   Decrease Java thread stack sizes (-Xss)
#   Set larger code cache with -XX:ReservedCodeCacheSize=
#   JVM is running with Unscaled Compressed Oops mode in which the Java heap is
#     placed in the first 4GB address space. The Java Heap base address is the
#     maximum limit for the native heap growth. Please use -XX:HeapBaseMinAddress
#     to set the Java Heap base and to place the Java Heap above 4GB virtual address.
# This output file may be truncated or incomplete.
#
#  Out of Memory Error (allocation.cpp:44), pid=23396, tid=25928
#
# JRE version: OpenJDK Runtime Environment Temurin-17.0.5+8 (17.0.5+8) (build 17.0.5+8)
# Java VM: OpenJDK 64-Bit Server VM Temurin-17.0.5+8 (17.0.5+8, mixed mode, emulated-client, tiered, compressed oops, compressed class ptrs, g1 gc, windows-amd64)
# No core dump will be written. Minidumps are not enabled by default on client versions of Windows
#

---------------  S U M M A R Y ------------

Command Line: -XX:+HeapDumpOnOutOfMemoryError -Xmx1024m -Dsts.lsp.client=vscode -Dsts.log.file=/dev/null -XX:TieredStopAtLevel=1 -Xlog:jni+resolve=off -Dspring.config.location=file:c:\Users\senab\.vscode\extensions\vmware.vscode-spring-boot-1.44.0\language-server\BOOT-INF\classes\application.properties org.springframework.ide.vscode.boot.app.BootLanguageServerBootApp

Host: AMD Ryzen 5 4500U with Radeon Graphics         , 6 cores, 7G,  Windows 11 , 64 bit Build 22621 (10.0.22621.1194)
Time: Fri Feb 10 16:06:44 2023 US Mountain Standard Time elapsed time: 65992.490019 seconds (0d 18h 19m 52s)

---------------  T H R E A D  ---------------

Current thread (0x0000023c49d81f60):  VMThread "VM Thread" [stack: 0x000000af8d100000,0x000000af8d200000] [id=25928]

Stack: [0x000000af8d100000,0x000000af8d200000]
Native frames: (J=compiled Java code, j=interpreted, Vv=VM code, C=native code)
V  [jvm.dll+0x676b3a]
V  [jvm.dll+0x831444]
V  [jvm.dll+0x832bee]
V  [jvm.dll+0x833253]
V  [jvm.dll+0x244ce5]
V  [jvm.dll+0xa631f]
V  [jvm.dll+0x2f4f03]
V  [jvm.dll+0x2f0c10]
V  [jvm.dll+0x2d92f7]
V  [jvm.dll+0x31c3b7]
V  [jvm.dll+0x8376fb]
V  [jvm.dll+0x838434]
V  [jvm.dll+0x83894c]
V  [jvm.dll+0x838d24]
V  [jvm.dll+0x838df0]
V  [jvm.dll+0x7e17ea]
V  [jvm.dll+0x6759e5]
C  [ucrtbase.dll+0x29363]
C  [KERNEL32.DLL+0x126bd]
C  [ntdll.dll+0x5dfb8]

VM_Operation (0x000000af8e6fec30): G1CollectFull, mode: safepoint, requested by thread 0x0000023c4b097910


---------------  P R O C E S S  ---------------

Threads class SMR info:
_java_thread_list=0x0000023c4b0a9120, length=26, elements={
0x0000023c49d96390, 0x0000023c49d98c60, 0x0000023c49dc59c0, 0x0000023c49dc6280,
0x0000023c49dc6b40, 0x0000023c49dc7400, 0x0000023c49dc7d70, 0x0000023c49dc8670,
0x0000023c4a9f48a0, 0x0000023c4a9fdfa0, 0x0000023c4b357d00, 0x0000023c4b3581d0,
0x0000023c4b097910, 0x0000023c4b097de0, 0x0000023c3f307660, 0x0000023c4b35ccb0,
0x0000023c4b07c840, 0x0000023c4bcd8f70, 0x0000023c4bcd6dc0, 0x0000023c4befb330,
0x0000023c4bef9650, 0x0000023c4befbcd0, 0x0000023c4befd4e0, 0x0000023c4bf009d0,
0x0000023c4befc670, 0x0000023c4befe820
}

Java Threads: ( => current thread )
  0x0000023c49d96390 JavaThread "Reference Handler" daemon [_thread_blocked, id=28172, stack(0x000000af8d200000,0x000000af8d300000)]
  0x0000023c49d98c60 JavaThread "Finalizer" daemon [_thread_blocked, id=28104, stack(0x000000af8d300000,0x000000af8d400000)]
  0x0000023c49dc59c0 JavaThread "Signal Dispatcher" daemon [_thread_blocked, id=12560, stack(0x000000af8d400000,0x000000af8d500000)]
  0x0000023c49dc6280 JavaThread "Attach Listener" daemon [_thread_blocked, id=22416, stack(0x000000af8d500000,0x000000af8d600000)]
  0x0000023c49dc6b40 JavaThread "Service Thread" daemon [_thread_blocked, id=22344, stack(0x000000af8d600000,0x000000af8d700000)]
  0x0000023c49dc7400 JavaThread "Monitor Deflation Thread" daemon [_thread_blocked, id=26768, stack(0x000000af8d700000,0x000000af8d800000)]
  0x0000023c49dc7d70 JavaThread "C1 CompilerThread0" daemon [_thread_blocked, id=17076, stack(0x000000af8d800000,0x000000af8d900000)]
  0x0000023c49dc8670 JavaThread "Sweeper thread" daemon [_thread_blocked, id=4064, stack(0x000000af8d900000,0x000000af8da00000)]
  0x0000023c4a9f48a0 JavaThread "Notification Thread" daemon [_thread_blocked, id=26820, stack(0x000000af8da00000,0x000000af8db00000)]
  0x0000023c4a9fdfa0 JavaThread "Common-Cleaner" daemon [_thread_blocked, id=25596, stack(0x000000af8dc00000,0x000000af8dd00000)]
  0x0000023c4b357d00 JavaThread "boundedElastic-evictor-1" daemon [_thread_blocked, id=26264, stack(0x000000af8e400000,0x000000af8e500000)]
  0x0000023c4b3581d0 JavaThread "boundedElastic-evictor-2" daemon [_thread_blocked, id=29132, stack(0x000000af8e500000,0x000000af8e600000)]
  0x0000023c4b097910 JavaThread "pool-10-thread-1" [_thread_blocked, id=27072, stack(0x000000af8e600000,0x000000af8e700000)]
  0x0000023c4b097de0 JavaThread "LanguageServerApp-lifecycle" [_thread_blocked, id=4668, stack(0x000000af8e700000,0x000000af8e800000)]
  0x0000023c3f307660 JavaThread "DestroyJavaVM" [_thread_blocked, id=8788, stack(0x000000af8cb00000,0x000000af8cc00000)]
  0x0000023c4b35ccb0 JavaThread "pool-11-thread-1" [_thread_in_native, id=8048, stack(0x000000af8e800000,0x000000af8e900000)]
  0x0000023c4b07c840 JavaThread "Simple-Language-Server main thread" daemon [_thread_blocked, id=22788, stack(0x000000af8e900000,0x000000af8ea00000)]
  0x0000023c4bcd8f70 JavaThread "pool-6-thread-1" [_thread_blocked, id=19392, stack(0x000000af8ed00000,0x000000af8ee00000)]
  0x0000023c4bcd6dc0 JavaThread "parallel-1" daemon [_thread_blocked, id=15944, stack(0x000000af8f000000,0x000000af8f100000)]
  0x0000023c4befb330 JavaThread "pool-4-thread-1" [_thread_blocked, id=20384, stack(0x000000af8fd00000,0x000000af8fe00000)]
  0x0000023c4bef9650 JavaThread "parallel-2" daemon [_thread_blocked, id=20328, stack(0x000000af8fe00000,0x000000af8ff00000)]
  0x0000023c4befbcd0 JavaThread "parallel-3" daemon [_thread_blocked, id=26372, stack(0x000000af90000000,0x000000af90100000)]
  0x0000023c4befd4e0 JavaThread "parallel-4" daemon [_thread_blocked, id=25940, stack(0x000000af8ef00000,0x000000af8f000000)]
  0x0000023c4bf009d0 JavaThread "parallel-5" daemon [_thread_blocked, id=28024, stack(0x000000af8f200000,0x000000af8f300000)]
  0x0000023c4befc670 JavaThread "parallel-6" daemon [_thread_blocked, id=16700, stack(0x000000af8f300000,0x000000af8f400000)]
  0x0000023c4befe820 JavaThread "Reconciler-1" daemon [_thread_blocked, id=9920, stack(0x000000af8f400000,0x000000af8f500000)]

Other Threads:
=>0x0000023c49d81f60 VMThread "VM Thread" [stack: 0x000000af8d100000,0x000000af8d200000] [id=25928]
  0x0000023c4a9ef6f0 WatcherThread [stack: 0x000000af8db00000,0x000000af8dc00000] [id=116]
  0x0000023c3f3440d0 GCTaskThread "GC Thread#0" [stack: 0x000000af8cc00000,0x000000af8cd00000] [id=28440]
  0x0000023c4a969e00 GCTaskThread "GC Thread#1" [stack: 0x000000af8dd00000,0x000000af8de00000] [id=6864]
  0x0000023c4aafc690 GCTaskThread "GC Thread#2" [stack: 0x000000af8de00000,0x000000af8df00000] [id=11568]
  0x0000023c4aafc940 GCTaskThread "GC Thread#3" [stack: 0x000000af8df00000,0x000000af8e000000] [id=28584]
  0x0000023c4aae44b0 GCTaskThread "GC Thread#4" [stack: 0x000000af8e000000,0x000000af8e100000] [id=10160]
  0x0000023c4a9a7180 GCTaskThread "GC Thread#5" [stack: 0x000000af8e100000,0x000000af8e200000] [id=23448]
  0x0000023c3f34df90 ConcurrentGCThread "G1 Main Marker" [stack: 0x000000af8cd00000,0x000000af8ce00000] [id=9084]
  0x0000023c3f34f660 ConcurrentGCThread "G1 Conc#0" [stack: 0x000000af8ce00000,0x000000af8cf00000] [id=24072]
  0x0000023c4b9593b0 ConcurrentGCThread "G1 Conc#1" [stack: 0x000000af8e300000,0x000000af8e400000] [id=21784]
  0x0000023c3f3bd2d0 ConcurrentGCThread "G1 Refine#0" [stack: 0x000000af8cf00000,0x000000af8d000000] [id=20268]
  0x0000023c4ecffca0 ConcurrentGCThread "G1 Refine#1" [stack: 0x000000af90300000,0x000000af90400000] [id=13500]
  0x0000023c4ebbb770 ConcurrentGCThread "G1 Refine#2" [stack: 0x000000af90400000,0x000000af90500000] [id=8884]
  0x0000023c4e62b7c0 ConcurrentGCThread "G1 Refine#3" [stack: 0x000000af90500000,0x000000af90600000] [id=20508]
  0x0000023c3f3bd9a0 ConcurrentGCThread "G1 Service" [stack: 0x000000af8d000000,0x000000af8d100000] [id=26188]

Threads with active compile tasks:

VM state: at safepoint (normal execution)

VM Mutex/Monitor currently owned by a thread:  ([mutex/lock_event])
[0x0000023c3d1c0790] Threads_lock - owner thread: 0x0000023c49d81f60
[0x0000023c3f305860] Heap_lock - owner thread: 0x0000023c4b097910

Heap address: 0x00000000c0000000, size: 1024 MB, Compressed Oops mode: 32-bit

CDS archive(s) not mapped
Compressed class space mapped at: 0x0000000100000000-0x0000000140000000, reserved size: 1073741824
Narrow klass base: 0x0000000000000000, Narrow klass shift: 3, Narrow klass range: 0x140000000

GC Precious Log:
 CPUs: 6 total, 6 available
 Memory: 7541M
 Large Page Support: Disabled
 NUMA Support: Disabled
 Compressed Oops: Enabled (32-bit)
 Heap Region Size: 1M
 Heap Min Capacity: 8M
 Heap Initial Capacity: 118M
 Heap Max Capacity: 1G
 Pre-touch: Disabled
 Parallel Workers: 6
 Concurrent Workers: 2
 Concurrent Refinement Workers: 6
 Periodic GC: Disabled

Heap:
 garbage-first heap   total 229376K, used 81075K [0x00000000c0000000, 0x0000000100000000)
  region size 1024K, 1 young (1024K), 0 survivors (0K)
 Metaspace       used 69511K, committed 70208K, reserved 1114112K
  class space    used 9401K, committed 9728K, reserved 1048576K

Heap Regions: E=young(eden), S=young(survivor), O=old, HS=humongous(starts), HC=humongous(continues), CS=collection set, F=free, OA=open archive, CA=closed archive, TAMS=top-at-mark-start (previous, next)
|   0|0x00000000c0000000, 0x00000000c0100000, 0x00000000c0100000|100%|HS|  |TAMS 0x00000000c0100000, 0x00000000c0000000| Untracked 
|   1|0x00000000c0100000, 0x00000000c0200000, 0x00000000c0200000|100%| O|  |TAMS 0x00000000c0200000, 0x00000000c0100000| Untracked 
|   2|0x00000000c0200000, 0x00000000c0300000, 0x00000000c0300000|100%| O|  |TAMS 0x00000000c0300000, 0x00000000c0200000| Untracked 
|   3|0x00000000c0300000, 0x00000000c03ffff0, 0x00000000c0400000| 99%| O|  |TAMS 0x00000000c03ffff0, 0x00000000c0300000| Untracked 
|   4|0x00000000c0400000, 0x00000000c04fffd0, 0x00000000c0500000| 99%| O|  |TAMS 0x00000000c04fffd0, 0x00000000c0400000| Untracked 
|   5|0x00000000c0500000, 0x00000000c0600000, 0x00000000c0600000|100%| O|  |TAMS 0x00000000c0600000, 0x00000000c0500000| Untracked 
|   6|0x00000000c0600000, 0x00000000c0700000, 0x00000000c0700000|100%| O|  |TAMS 0x00000000c0700000, 0x00000000c0600000| Untracked 
|   7|0x00000000c0700000, 0x00000000c07fffd8, 0x00000000c0800000| 99%| O|  |TAMS 0x00000000c07fffd8, 0x00000000c0700000| Untracked 
|   8|0x00000000c0800000, 0x00000000c08fff80, 0x00000000c0900000| 99%| O|  |TAMS 0x00000000c08fff80, 0x00000000c0800000| Untracked 
|   9|0x00000000c0900000, 0x00000000c0a00000, 0x00000000c0a00000|100%| O|  |TAMS 0x00000000c0a00000, 0x00000000c0900000| Untracked 
|  10|0x00000000c0a00000, 0x00000000c0affff0, 0x00000000c0b00000| 99%| O|  |TAMS 0x00000000c0affff0, 0x00000000c0a00000| Untracked 
|  11|0x00000000c0b00000, 0x00000000c0c00000, 0x00000000c0c00000|100%| O|  |TAMS 0x00000000c0c00000, 0x00000000c0b00000| Untracked 
|  12|0x00000000c0c00000, 0x00000000c0cfffc8, 0x00000000c0d00000| 99%| O|  |TAMS 0x00000000c0cfffc8, 0x00000000c0c00000| Untracked 
|  13|0x00000000c0d00000, 0x00000000c0dffd18, 0x00000000c0e00000| 99%| O|  |TAMS 0x00000000c0dffd18, 0x00000000c0d00000| Untracked 
|  14|0x00000000c0e00000, 0x00000000c0efffe8, 0x00000000c0f00000| 99%| O|  |TAMS 0x00000000c0efffe8, 0x00000000c0e00000| Untracked 
|  15|0x00000000c0f00000, 0x00000000c0ffffe0, 0x00000000c1000000| 99%| O|  |TAMS 0x00000000c0ffffe0, 0x00000000c0f00000| Untracked 
|  16|0x00000000c1000000, 0x00000000c10ff188, 0x00000000c1100000| 99%| O|  |TAMS 0x00000000c10ff188, 0x00000000c1000000| Untracked 
|  17|0x00000000c1100000, 0x00000000c11fdf70, 0x00000000c1200000| 99%| O|  |TAMS 0x00000000c11fdf70, 0x00000000c1100000| Untracked 
|  18|0x00000000c1200000, 0x00000000c1300000, 0x00000000c1300000|100%| O|  |TAMS 0x00000000c1300000, 0x00000000c1200000| Untracked 
|  19|0x00000000c1300000, 0x00000000c13fffe8, 0x00000000c1400000| 99%| O|  |TAMS 0x00000000c13fffe8, 0x00000000c1300000| Untracked 
|  20|0x00000000c1400000, 0x00000000c14ff130, 0x00000000c1500000| 99%| O|  |TAMS 0x00000000c14ff130, 0x00000000c1400000| Untracked 
|  21|0x00000000c1500000, 0x00000000c15fffe8, 0x00000000c1600000| 99%| O|  |TAMS 0x00000000c15fffe8, 0x00000000c1500000| Untracked 
|  22|0x00000000c1600000, 0x00000000c16ffff0, 0x00000000c1700000| 99%| O|  |TAMS 0x00000000c16ffff0, 0x00000000c1600000| Untracked 
|  23|0x00000000c1700000, 0x00000000c17fffa0, 0x00000000c1800000| 99%| O|  |TAMS 0x00000000c17fffa0, 0x00000000c1700000| Untracked 
|  24|0x00000000c1800000, 0x00000000c1900000, 0x00000000c1900000|100%| O|  |TAMS 0x00000000c1900000, 0x00000000c1800000| Untracked 
|  25|0x00000000c1900000, 0x00000000c1a00000, 0x00000000c1a00000|100%| O|  |TAMS 0x00000000c1a00000, 0x00000000c1900000| Untracked 
|  26|0x00000000c1a00000, 0x00000000c1affff0, 0x00000000c1b00000| 99%| O|  |TAMS 0x00000000c1affff0, 0x00000000c1a00000| Untracked 
|  27|0x00000000c1b00000, 0x00000000c1c00000, 0x00000000c1c00000|100%| O|  |TAMS 0x00000000c1c00000, 0x00000000c1b00000| Untracked 
|  28|0x00000000c1c00000, 0x00000000c1cfff38, 0x00000000c1d00000| 99%| O|  |TAMS 0x00000000c1cfff38, 0x00000000c1c00000| Untracked 
|  29|0x00000000c1d00000, 0x00000000c1dfffd8, 0x00000000c1e00000| 99%| O|  |TAMS 0x00000000c1dfffd8, 0x00000000c1d00000| Untracked 
|  30|0x00000000c1e00000, 0x00000000c1efbaa8, 0x00000000c1f00000| 98%| O|  |TAMS 0x00000000c1efbaa8, 0x00000000c1e00000| Untracked 
|  31|0x00000000c1f00000, 0x00000000c2000000, 0x00000000c2000000|100%| O|  |TAMS 0x00000000c2000000, 0x00000000c1f00000| Untracked 
|  32|0x00000000c2000000, 0x00000000c20ffff8, 0x00000000c2100000| 99%| O|  |TAMS 0x00000000c20ffff8, 0x00000000c2000000| Untracked 
|  33|0x00000000c2100000, 0x00000000c2200000, 0x00000000c2200000|100%| O|  |TAMS 0x00000000c2200000, 0x00000000c2100000| Untracked 
|  34|0x00000000c2200000, 0x00000000c22fffe8, 0x00000000c2300000| 99%| O|  |TAMS 0x00000000c22fffe8, 0x00000000c2200000| Untracked 
|  35|0x00000000c2300000, 0x00000000c23ffff0, 0x00000000c2400000| 99%| O|  |TAMS 0x00000000c23ffff0, 0x00000000c2300000| Untracked 
|  36|0x00000000c2400000, 0x00000000c2500000, 0x00000000c2500000|100%| O|  |TAMS 0x00000000c2500000, 0x00000000c2400000| Untracked 
|  37|0x00000000c2500000, 0x00000000c2600000, 0x00000000c2600000|100%| O|  |TAMS 0x00000000c2600000, 0x00000000c2500000| Untracked 
|  38|0x00000000c2600000, 0x00000000c26ffe00, 0x00000000c2700000| 99%| O|  |TAMS 0x00000000c26ffe00, 0x00000000c2600000| Untracked 
|  39|0x00000000c2700000, 0x00000000c27ffff0, 0x00000000c2800000| 99%| O|  |TAMS 0x00000000c27ffff0, 0x00000000c2700000| Untracked 
|  40|0x00000000c2800000, 0x00000000c28f4c70, 0x00000000c2900000| 95%| O|  |TAMS 0x00000000c28f4c70, 0x00000000c2800000| Untracked 
|  41|0x00000000c2900000, 0x00000000c29ffff0, 0x00000000c2a00000| 99%| O|  |TAMS 0x00000000c29ffff0, 0x00000000c2900000| Untracked 
|  42|0x00000000c2a00000, 0x00000000c2afffe8, 0x00000000c2b00000| 99%| O|  |TAMS 0x00000000c2afffe8, 0x00000000c2a00000| Untracked 
|  43|0x00000000c2b00000, 0x00000000c2bffff0, 0x00000000c2c00000| 99%| O|  |TAMS 0x00000000c2bffff0, 0x00000000c2b00000| Untracked 
|  44|0x00000000c2c00000, 0x00000000c2cffff0, 0x00000000c2d00000| 99%| O|  |TAMS 0x00000000c2cffff0, 0x00000000c2c00000| Untracked 
|  45|0x00000000c2d00000, 0x00000000c2dfffe8, 0x00000000c2e00000| 99%| O|  |TAMS 0x00000000c2dfffe8, 0x00000000c2d00000| Untracked 
|  46|0x00000000c2e00000, 0x00000000c2efffd8, 0x00000000c2f00000| 99%| O|  |TAMS 0x00000000c2efffd8, 0x00000000c2e00000| Untracked 
|  47|0x00000000c2f00000, 0x00000000c2ffffd8, 0x00000000c3000000| 99%| O|  |TAMS 0x00000000c2ffffd8, 0x00000000c2f00000| Untracked 
|  48|0x00000000c3000000, 0x00000000c3100000, 0x00000000c3100000|100%|HS|  |TAMS 0x00000000c3100000, 0x00000000c3000000| Untracked 
|  49|0x00000000c3100000, 0x00000000c31fffe0, 0x00000000c3200000| 99%| O|  |TAMS 0x00000000c31fffe0, 0x00000000c3100000| Untracked 
|  50|0x00000000c3200000, 0x00000000c3300000, 0x00000000c3300000|100%| O|  |TAMS 0x00000000c3300000, 0x00000000c3200000| Untracked 
|  51|0x00000000c3300000, 0x00000000c33fffe8, 0x00000000c3400000| 99%| O|  |TAMS 0x00000000c33fffe8, 0x00000000c3300000| Untracked 
|  52|0x00000000c3400000, 0x00000000c34fffa0, 0x00000000c3500000| 99%| O|  |TAMS 0x00000000c34fffa0, 0x00000000c3400000| Untracked 
|  53|0x00000000c3500000, 0x00000000c35e65b8, 0x00000000c3600000| 89%| O|  |TAMS 0x00000000c3500000, 0x00000000c3500000| Untracked 
|  54|0x00000000c3600000, 0x00000000c36ffff8, 0x00000000c3700000| 99%| O|  |TAMS 0x00000000c36ffff8, 0x00000000c3600000| Untracked 
|  55|0x00000000c3700000, 0x00000000c37fffc0, 0x00000000c3800000| 99%| O|  |TAMS 0x00000000c37fffc0, 0x00000000c3700000| Untracked 
|  56|0x00000000c3800000, 0x00000000c38fffc0, 0x00000000c3900000| 99%| O|  |TAMS 0x00000000c38fffc0, 0x00000000c3800000| Untracked 
|  57|0x00000000c3900000, 0x00000000c39fb2c8, 0x00000000c3a00000| 98%| O|  |TAMS 0x00000000c39fb2c8, 0x00000000c3900000| Untracked 
|  58|0x00000000c3a00000, 0x00000000c3afffe8, 0x00000000c3b00000| 99%| O|  |TAMS 0x00000000c3afffe8, 0x00000000c3a00000| Untracked 
|  59|0x00000000c3b00000, 0x00000000c3bffff0, 0x00000000c3c00000| 99%| O|  |TAMS 0x00000000c3bffff0, 0x00000000c3b00000| Untracked 
|  60|0x00000000c3c00000, 0x00000000c3c5f510, 0x00000000c3d00000| 37%| O|  |TAMS 0x00000000c3c00000, 0x00000000c3c00000| Untracked 
|  61|0x00000000c3d00000, 0x00000000c3e00000, 0x00000000c3e00000|100%|HS|  |TAMS 0x00000000c3e00000, 0x00000000c3d00000| Untracked 
|  62|0x00000000c3e00000, 0x00000000c3f00000, 0x00000000c3f00000|100%|HC|  |TAMS 0x00000000c3f00000, 0x00000000c3e00000| Untracked 
|  63|0x00000000c3f00000, 0x00000000c4000000, 0x00000000c4000000|100%|HC|  |TAMS 0x00000000c4000000, 0x00000000c3f00000| Untracked 
|  64|0x00000000c4000000, 0x00000000c4100000, 0x00000000c4100000|100%| O|  |TAMS 0x00000000c4100000, 0x00000000c4000000| Untracked 
|  65|0x00000000c4100000, 0x00000000c4100088, 0x00000000c4200000|  0%| O|  |TAMS 0x00000000c4100000, 0x00000000c4100000| Untracked 
|  66|0x00000000c4200000, 0x00000000c4300000, 0x00000000c4300000|100%| O|  |TAMS 0x00000000c4300000, 0x00000000c4200000| Untracked 
|  67|0x00000000c4300000, 0x00000000c4300000, 0x00000000c4400000|  0%| F|  |TAMS 0x00000000c4300000, 0x00000000c4300000| Untracked 
|  68|0x00000000c4400000, 0x00000000c4400000, 0x00000000c4500000|  0%| F|  |TAMS 0x00000000c4400000, 0x00000000c4400000| Untracked 
|  69|0x00000000c4500000, 0x00000000c4500000, 0x00000000c4600000|  0%| F|  |TAMS 0x00000000c4500000, 0x00000000c4500000| Untracked 
|  70|0x00000000c4600000, 0x00000000c4600000, 0x00000000c4700000|  0%| F|  |TAMS 0x00000000c4600000, 0x00000000c4600000| Untracked 
|  71|0x00000000c4700000, 0x00000000c4700000, 0x00000000c4800000|  0%| F|  |TAMS 0x00000000c4700000, 0x00000000c4700000| Untracked 
|  72|0x00000000c4800000, 0x00000000c4800000, 0x00000000c4900000|  0%| F|  |TAMS 0x00000000c4800000, 0x00000000c4800000| Untracked 
|  73|0x00000000c4900000, 0x00000000c4900000, 0x00000000c4a00000|  0%| F|  |TAMS 0x00000000c4900000, 0x00000000c4900000| Untracked 
|  74|0x00000000c4a00000, 0x00000000c4a00000, 0x00000000c4b00000|  0%| F|  |TAMS 0x00000000c4a00000, 0x00000000c4a00000| Untracked 
|  75|0x00000000c4b00000, 0x00000000c4b00000, 0x00000000c4c00000|  0%| F|  |TAMS 0x00000000c4b00000, 0x00000000c4b00000| Untracked 
|  76|0x00000000c4c00000, 0x00000000c4c00000, 0x00000000c4d00000|  0%| F|  |TAMS 0x00000000c4c00000, 0x00000000c4c00000| Untracked 
|  77|0x00000000c4d00000, 0x00000000c4d00000, 0x00000000c4e00000|  0%| F|  |TAMS 0x00000000c4d00000, 0x00000000c4d00000| Untracked 
|  78|0x00000000c4e00000, 0x00000000c4e00000, 0x00000000c4f00000|  0%| F|  |TAMS 0x00000000c4e00000, 0x00000000c4e00000| Untracked 
|  79|0x00000000c4f00000, 0x00000000c4f00000, 0x00000000c5000000|  0%| F|  |TAMS 0x00000000c4f00000, 0x00000000c4f00000| Untracked 
|  80|0x00000000c5000000, 0x00000000c5000000, 0x00000000c5100000|  0%| F|  |TAMS 0x00000000c5000000, 0x00000000c5000000| Untracked 
|  81|0x00000000c5100000, 0x00000000c5100000, 0x00000000c5200000|  0%| F|  |TAMS 0x00000000c5100000, 0x00000000c5100000| Untracked 
|  82|0x00000000c5200000, 0x00000000c5200000, 0x00000000c5300000|  0%| F|  |TAMS 0x00000000c5200000, 0x00000000c5200000| Untracked 
|  83|0x00000000c5300000, 0x00000000c5300000, 0x00000000c5400000|  0%| F|  |TAMS 0x00000000c5300000, 0x00000000c5300000| Untracked 
|  84|0x00000000c5400000, 0x00000000c5400000, 0x00000000c5500000|  0%| F|  |TAMS 0x00000000c5400000, 0x00000000c5400000| Untracked 
|  85|0x00000000c5500000, 0x00000000c5500000, 0x00000000c5600000|  0%| F|  |TAMS 0x00000000c5500000, 0x00000000c5500000| Untracked 
|  86|0x00000000c5600000, 0x00000000c5600000, 0x00000000c5700000|  0%| F|  |TAMS 0x00000000c5600000, 0x00000000c5600000| Untracked 
|  87|0x00000000c5700000, 0x00000000c5700000, 0x00000000c5800000|  0%| F|  |TAMS 0x00000000c5700000, 0x00000000c5700000| Untracked 
|  88|0x00000000c5800000, 0x00000000c5800000, 0x00000000c5900000|  0%| F|  |TAMS 0x00000000c5800000, 0x00000000c5800000| Untracked 
|  89|0x00000000c5900000, 0x00000000c5900000, 0x00000000c5a00000|  0%| F|  |TAMS 0x00000000c5900000, 0x00000000c5900000| Untracked 
|  90|0x00000000c5a00000, 0x00000000c5a00000, 0x00000000c5b00000|  0%| F|  |TAMS 0x00000000c5a00000, 0x00000000c5a00000| Untracked 
|  91|0x00000000c5b00000, 0x00000000c5b00000, 0x00000000c5c00000|  0%| F|  |TAMS 0x00000000c5b00000, 0x00000000c5b00000| Untracked 
|  92|0x00000000c5c00000, 0x00000000c5c00000, 0x00000000c5d00000|  0%| F|  |TAMS 0x00000000c5c00000, 0x00000000c5c00000| Untracked 
|  93|0x00000000c5d00000, 0x00000000c5d00000, 0x00000000c5e00000|  0%| F|  |TAMS 0x00000000c5d00000, 0x00000000c5d00000| Untracked 
|  94|0x00000000c5e00000, 0x00000000c5efffb8, 0x00000000c5f00000| 99%| O|  |TAMS 0x00000000c5efffb8, 0x00000000c5e00000| Untracked 
|  95|0x00000000c5f00000, 0x00000000c5f00000, 0x00000000c6000000|  0%| F|  |TAMS 0x00000000c5f00000, 0x00000000c5f00000| Untracked 
|  96|0x00000000c6000000, 0x00000000c60ffff0, 0x00000000c6100000| 99%| O|  |TAMS 0x00000000c60ffff0, 0x00000000c6000000| Untracked 
|  97|0x00000000c6100000, 0x00000000c6100000, 0x00000000c6200000|  0%| F|  |TAMS 0x00000000c6100000, 0x00000000c6100000| Untracked 
|  98|0x00000000c6200000, 0x00000000c6200000, 0x00000000c6300000|  0%| F|  |TAMS 0x00000000c6200000, 0x00000000c6200000| Untracked 
|  99|0x00000000c6300000, 0x00000000c6300000, 0x00000000c6400000|  0%| F|  |TAMS 0x00000000c6300000, 0x00000000c6300000| Untracked 
| 100|0x00000000c6400000, 0x00000000c6400000, 0x00000000c6500000|  0%| F|  |TAMS 0x00000000c6400000, 0x00000000c6400000| Untracked 
| 101|0x00000000c6500000, 0x00000000c6500000, 0x00000000c6600000|  0%| F|  |TAMS 0x00000000c6500000, 0x00000000c6500000| Untracked 
| 102|0x00000000c6600000, 0x00000000c6600000, 0x00000000c6700000|  0%| F|  |TAMS 0x00000000c6600000, 0x00000000c6600000| Untracked 
| 103|0x00000000c6700000, 0x00000000c6700000, 0x00000000c6800000|  0%| F|  |TAMS 0x00000000c6700000, 0x00000000c6700000| Untracked 
| 104|0x00000000c6800000, 0x00000000c6800000, 0x00000000c6900000|  0%| F|  |TAMS 0x00000000c6800000, 0x00000000c6800000| Untracked 
| 105|0x00000000c6900000, 0x00000000c6900000, 0x00000000c6a00000|  0%| F|  |TAMS 0x00000000c6900000, 0x00000000c6900000| Untracked 
| 106|0x00000000c6a00000, 0x00000000c6a00000, 0x00000000c6b00000|  0%| F|  |TAMS 0x00000000c6a00000, 0x00000000c6a00000| Untracked 
| 107|0x00000000c6b00000, 0x00000000c6b00000, 0x00000000c6c00000|  0%| F|  |TAMS 0x00000000c6b00000, 0x00000000c6b00000| Untracked 
| 108|0x00000000c6c00000, 0x00000000c6c00000, 0x00000000c6d00000|  0%| F|  |TAMS 0x00000000c6c00000, 0x00000000c6c00000| Untracked 
| 109|0x00000000c6d00000, 0x00000000c6d00000, 0x00000000c6e00000|  0%| F|  |TAMS 0x00000000c6d00000, 0x00000000c6d00000| Untracked 
| 110|0x00000000c6e00000, 0x00000000c6e00000, 0x00000000c6f00000|  0%| F|  |TAMS 0x00000000c6e00000, 0x00000000c6e00000| Untracked 
| 111|0x00000000c6f00000, 0x00000000c6f00000, 0x00000000c7000000|  0%| F|  |TAMS 0x00000000c6f00000, 0x00000000c6f00000| Untracked 
| 112|0x00000000c7000000, 0x00000000c7000000, 0x00000000c7100000|  0%| F|  |TAMS 0x00000000c7000000, 0x00000000c7000000| Untracked 
| 113|0x00000000c7100000, 0x00000000c7100000, 0x00000000c7200000|  0%| F|  |TAMS 0x00000000c7100000, 0x00000000c7100000| Untracked 
| 114|0x00000000c7200000, 0x00000000c7200000, 0x00000000c7300000|  0%| F|  |TAMS 0x00000000c7200000, 0x00000000c7200000| Untracked 
| 115|0x00000000c7300000, 0x00000000c7300000, 0x00000000c7400000|  0%| F|  |TAMS 0x00000000c7300000, 0x00000000c7300000| Untracked 
| 116|0x00000000c7400000, 0x00000000c7400000, 0x00000000c7500000|  0%| F|  |TAMS 0x00000000c7400000, 0x00000000c7400000| Untracked 
| 117|0x00000000c7500000, 0x00000000c7500000, 0x00000000c7600000|  0%| F|  |TAMS 0x00000000c7500000, 0x00000000c7500000| Untracked 
| 118|0x00000000c7600000, 0x00000000c7700000, 0x00000000c7700000|100%| O|  |TAMS 0x00000000c7700000, 0x00000000c7600000| Untracked 
| 119|0x00000000c7700000, 0x00000000c7800000, 0x00000000c7800000|100%| O|  |TAMS 0x00000000c7800000, 0x00000000c7700000| Untracked 
| 120|0x00000000c7800000, 0x00000000c7800000, 0x00000000c7900000|  0%| F|  |TAMS 0x00000000c7800000, 0x00000000c7800000| Untracked 
| 121|0x00000000c7900000, 0x00000000c7a00000, 0x00000000c7a00000|100%| O|  |TAMS 0x00000000c7a00000, 0x00000000c7900000| Untracked 
| 122|0x00000000c7a00000, 0x00000000c7b00000, 0x00000000c7b00000|100%| O|  |TAMS 0x00000000c7b00000, 0x00000000c7a00000| Untracked 
| 123|0x00000000c7b00000, 0x00000000c7c00000, 0x00000000c7c00000|100%| O|  |TAMS 0x00000000c7c00000, 0x00000000c7b00000| Untracked 
| 124|0x00000000c7c00000, 0x00000000c7d00000, 0x00000000c7d00000|100%| O|  |TAMS 0x00000000c7d00000, 0x00000000c7c00000| Untracked 
| 125|0x00000000c7d00000, 0x00000000c7d00000, 0x00000000c7e00000|  0%| F|  |TAMS 0x00000000c7d00000, 0x00000000c7d00000| Untracked 
| 126|0x00000000c7e00000, 0x00000000c7f00000, 0x00000000c7f00000|100%| O|  |TAMS 0x00000000c7f00000, 0x00000000c7e00000| Untracked 
| 127|0x00000000c7f00000, 0x00000000c7f00000, 0x00000000c8000000|  0%| F|  |TAMS 0x00000000c7f00000, 0x00000000c7f00000| Untracked 
| 128|0x00000000c8000000, 0x00000000c8000000, 0x00000000c8100000|  0%| F|  |TAMS 0x00000000c8000000, 0x00000000c8000000| Untracked 
| 129|0x00000000c8100000, 0x00000000c8100000, 0x00000000c8200000|  0%| F|  |TAMS 0x00000000c8100000, 0x00000000c8100000| Untracked 
| 130|0x00000000c8200000, 0x00000000c8200000, 0x00000000c8300000|  0%| F|  |TAMS 0x00000000c8200000, 0x00000000c8200000| Untracked 
| 131|0x00000000c8300000, 0x00000000c8300000, 0x00000000c8400000|  0%| F|  |TAMS 0x00000000c8300000, 0x00000000c8300000| Untracked 
| 132|0x00000000c8400000, 0x00000000c8400000, 0x00000000c8500000|  0%| F|  |TAMS 0x00000000c8400000, 0x00000000c8400000| Untracked 
| 133|0x00000000c8500000, 0x00000000c8500000, 0x00000000c8600000|  0%| F|  |TAMS 0x00000000c8500000, 0x00000000c8500000| Untracked 
| 134|0x00000000c8600000, 0x00000000c8600000, 0x00000000c8700000|  0%| F|  |TAMS 0x00000000c8600000, 0x00000000c8600000| Untracked 
| 135|0x00000000c8700000, 0x00000000c8700000, 0x00000000c8800000|  0%| F|  |TAMS 0x00000000c8700000, 0x00000000c8700000| Untracked 
| 136|0x00000000c8800000, 0x00000000c8800000, 0x00000000c8900000|  0%| F|  |TAMS 0x00000000c8800000, 0x00000000c8800000| Untracked 
| 137|0x00000000c8900000, 0x00000000c8900000, 0x00000000c8a00000|  0%| F|  |TAMS 0x00000000c8900000, 0x00000000c8900000| Untracked 
| 138|0x00000000c8a00000, 0x00000000c8a00000, 0x00000000c8b00000|  0%| F|  |TAMS 0x00000000c8a00000, 0x00000000c8a00000| Untracked 
| 139|0x00000000c8b00000, 0x00000000c8b00000, 0x00000000c8c00000|  0%| F|  |TAMS 0x00000000c8b00000, 0x00000000c8b00000| Untracked 
| 140|0x00000000c8c00000, 0x00000000c8c00000, 0x00000000c8d00000|  0%| F|  |TAMS 0x00000000c8c00000, 0x00000000c8c00000| Untracked 
| 141|0x00000000c8d00000, 0x00000000c8d00000, 0x00000000c8e00000|  0%| F|  |TAMS 0x00000000c8d00000, 0x00000000c8d00000| Untracked 
| 142|0x00000000c8e00000, 0x00000000c8e00000, 0x00000000c8f00000|  0%| F|  |TAMS 0x00000000c8e00000, 0x00000000c8e00000| Untracked 
| 143|0x00000000c8f00000, 0x00000000c8f00000, 0x00000000c9000000|  0%| F|  |TAMS 0x00000000c8f00000, 0x00000000c8f00000| Untracked 
| 144|0x00000000c9000000, 0x00000000c9000000, 0x00000000c9100000|  0%| F|  |TAMS 0x00000000c9000000, 0x00000000c9000000| Untracked 
| 145|0x00000000c9100000, 0x00000000c9100000, 0x00000000c9200000|  0%| F|  |TAMS 0x00000000c9100000, 0x00000000c9100000| Untracked 
| 146|0x00000000c9200000, 0x00000000c9200000, 0x00000000c9300000|  0%| F|  |TAMS 0x00000000c9200000, 0x00000000c9200000| Untracked 
| 147|0x00000000c9300000, 0x00000000c9300000, 0x00000000c9400000|  0%| F|  |TAMS 0x00000000c9300000, 0x00000000c9300000| Untracked 
| 148|0x00000000c9400000, 0x00000000c9400000, 0x00000000c9500000|  0%| F|  |TAMS 0x00000000c9400000, 0x00000000c9400000| Untracked 
| 149|0x00000000c9500000, 0x00000000c9500000, 0x00000000c9600000|  0%| F|  |TAMS 0x00000000c9500000, 0x00000000c9500000| Untracked 
| 150|0x00000000c9600000, 0x00000000c9600000, 0x00000000c9700000|  0%| F|  |TAMS 0x00000000c9600000, 0x00000000c9600000| Untracked 
| 151|0x00000000c9700000, 0x00000000c9700000, 0x00000000c9800000|  0%| F|  |TAMS 0x00000000c9700000, 0x00000000c9700000| Untracked 
| 152|0x00000000c9800000, 0x00000000c9800000, 0x00000000c9900000|  0%| F|  |TAMS 0x00000000c9800000, 0x00000000c9800000| Untracked 
| 153|0x00000000c9900000, 0x00000000c9900000, 0x00000000c9a00000|  0%| F|  |TAMS 0x00000000c9900000, 0x00000000c9900000| Untracked 
| 154|0x00000000c9a00000, 0x00000000c9a00000, 0x00000000c9b00000|  0%| F|  |TAMS 0x00000000c9a00000, 0x00000000c9a00000| Untracked 
| 155|0x00000000c9b00000, 0x00000000c9b00000, 0x00000000c9c00000|  0%| F|  |TAMS 0x00000000c9b00000, 0x00000000c9b00000| Untracked 
| 156|0x00000000c9c00000, 0x00000000c9c00000, 0x00000000c9d00000|  0%| F|  |TAMS 0x00000000c9c00000, 0x00000000c9c00000| Untracked 
| 157|0x00000000c9d00000, 0x00000000c9d00000, 0x00000000c9e00000|  0%| F|  |TAMS 0x00000000c9d00000, 0x00000000c9d00000| Untracked 
| 158|0x00000000c9e00000, 0x00000000c9e00000, 0x00000000c9f00000|  0%| F|  |TAMS 0x00000000c9e00000, 0x00000000c9e00000| Untracked 
| 159|0x00000000c9f00000, 0x00000000c9f00000, 0x00000000ca000000|  0%| F|  |TAMS 0x00000000c9f00000, 0x00000000c9f00000| Untracked 
| 160|0x00000000ca000000, 0x00000000ca000000, 0x00000000ca100000|  0%| F|  |TAMS 0x00000000ca000000, 0x00000000ca000000| Untracked 
| 161|0x00000000ca100000, 0x00000000ca100000, 0x00000000ca200000|  0%| F|  |TAMS 0x00000000ca100000, 0x00000000ca100000| Untracked 
| 162|0x00000000ca200000, 0x00000000ca200000, 0x00000000ca300000|  0%| F|  |TAMS 0x00000000ca200000, 0x00000000ca200000| Untracked 
| 163|0x00000000ca300000, 0x00000000ca300000, 0x00000000ca400000|  0%| F|  |TAMS 0x00000000ca300000, 0x00000000ca300000| Untracked 
| 164|0x00000000ca400000, 0x00000000ca400000, 0x00000000ca500000|  0%| F|  |TAMS 0x00000000ca400000, 0x00000000ca400000| Untracked 
| 165|0x00000000ca500000, 0x00000000ca500000, 0x00000000ca600000|  0%| F|  |TAMS 0x00000000ca500000, 0x00000000ca500000| Untracked 
| 166|0x00000000ca600000, 0x00000000ca600000, 0x00000000ca700000|  0%| F|  |TAMS 0x00000000ca600000, 0x00000000ca600000| Untracked 
| 167|0x00000000ca700000, 0x00000000ca700000, 0x00000000ca800000|  0%| F|  |TAMS 0x00000000ca700000, 0x00000000ca700000| Untracked 
| 168|0x00000000ca800000, 0x00000000ca800000, 0x00000000ca900000|  0%| F|  |TAMS 0x00000000ca800000, 0x00000000ca800000| Untracked 
| 169|0x00000000ca900000, 0x00000000ca900000, 0x00000000caa00000|  0%| F|  |TAMS 0x00000000ca900000, 0x00000000ca900000| Untracked 
| 170|0x00000000caa00000, 0x00000000caa00000, 0x00000000cab00000|  0%| F|  |TAMS 0x00000000caa00000, 0x00000000caa00000| Untracked 
| 171|0x00000000cab00000, 0x00000000cab00000, 0x00000000cac00000|  0%| F|  |TAMS 0x00000000cab00000, 0x00000000cab00000| Untracked 
| 172|0x00000000cac00000, 0x00000000cac00000, 0x00000000cad00000|  0%| F|  |TAMS 0x00000000cac00000, 0x00000000cac00000| Untracked 
| 173|0x00000000cad00000, 0x00000000cad00000, 0x00000000cae00000|  0%| F|  |TAMS 0x00000000cad00000, 0x00000000cad00000| Untracked 
| 174|0x00000000cae00000, 0x00000000cae00000, 0x00000000caf00000|  0%| F|  |TAMS 0x00000000cae00000, 0x00000000cae00000| Untracked 
| 175|0x00000000caf00000, 0x00000000caf00000, 0x00000000cb000000|  0%| F|  |TAMS 0x00000000caf00000, 0x00000000caf00000| Untracked 
| 176|0x00000000cb000000, 0x00000000cb000000, 0x00000000cb100000|  0%| F|  |TAMS 0x00000000cb000000, 0x00000000cb000000| Untracked 
| 177|0x00000000cb100000, 0x00000000cb100000, 0x00000000cb200000|  0%| F|  |TAMS 0x00000000cb100000, 0x00000000cb100000| Untracked 
| 178|0x00000000cb200000, 0x00000000cb200000, 0x00000000cb300000|  0%| F|  |TAMS 0x00000000cb200000, 0x00000000cb200000| Untracked 
| 179|0x00000000cb300000, 0x00000000cb300000, 0x00000000cb400000|  0%| F|  |TAMS 0x00000000cb300000, 0x00000000cb300000| Untracked 
| 180|0x00000000cb400000, 0x00000000cb400000, 0x00000000cb500000|  0%| F|  |TAMS 0x00000000cb400000, 0x00000000cb400000| Untracked 
| 181|0x00000000cb500000, 0x00000000cb500000, 0x00000000cb600000|  0%| F|  |TAMS 0x00000000cb500000, 0x00000000cb500000| Untracked 
| 182|0x00000000cb600000, 0x00000000cb600000, 0x00000000cb700000|  0%| F|  |TAMS 0x00000000cb600000, 0x00000000cb600000| Untracked 
| 183|0x00000000cb700000, 0x00000000cb700000, 0x00000000cb800000|  0%| F|  |TAMS 0x00000000cb700000, 0x00000000cb700000| Untracked 
| 184|0x00000000cb800000, 0x00000000cb800000, 0x00000000cb900000|  0%| F|  |TAMS 0x00000000cb800000, 0x00000000cb800000| Untracked 
| 185|0x00000000cb900000, 0x00000000cb900000, 0x00000000cba00000|  0%| F|  |TAMS 0x00000000cb900000, 0x00000000cb900000| Untracked 
| 186|0x00000000cba00000, 0x00000000cba00000, 0x00000000cbb00000|  0%| F|  |TAMS 0x00000000cba00000, 0x00000000cba00000| Untracked 
| 187|0x00000000cbb00000, 0x00000000cbb00000, 0x00000000cbc00000|  0%| F|  |TAMS 0x00000000cbb00000, 0x00000000cbb00000| Untracked 
| 188|0x00000000cbc00000, 0x00000000cbc00000, 0x00000000cbd00000|  0%| F|  |TAMS 0x00000000cbc00000, 0x00000000cbc00000| Untracked 
| 189|0x00000000cbd00000, 0x00000000cbd00000, 0x00000000cbe00000|  0%| F|  |TAMS 0x00000000cbd00000, 0x00000000cbd00000| Untracked 
| 190|0x00000000cbe00000, 0x00000000cbe00000, 0x00000000cbf00000|  0%| F|  |TAMS 0x00000000cbe00000, 0x00000000cbe00000| Untracked 
| 191|0x00000000cbf00000, 0x00000000cbf00000, 0x00000000cc000000|  0%| F|  |TAMS 0x00000000cbf00000, 0x00000000cbf00000| Untracked 
| 192|0x00000000cc000000, 0x00000000cc000000, 0x00000000cc100000|  0%| F|  |TAMS 0x00000000cc000000, 0x00000000cc000000| Untracked 
| 193|0x00000000cc100000, 0x00000000cc100000, 0x00000000cc200000|  0%| F|  |TAMS 0x00000000cc100000, 0x00000000cc100000| Untracked 
| 194|0x00000000cc200000, 0x00000000cc200000, 0x00000000cc300000|  0%| F|  |TAMS 0x00000000cc200000, 0x00000000cc200000| Untracked 
| 195|0x00000000cc300000, 0x00000000cc300000, 0x00000000cc400000|  0%| F|  |TAMS 0x00000000cc300000, 0x00000000cc300000| Untracked 
| 196|0x00000000cc400000, 0x00000000cc400000, 0x00000000cc500000|  0%| F|  |TAMS 0x00000000cc400000, 0x00000000cc400000| Untracked 
| 197|0x00000000cc500000, 0x00000000cc500000, 0x00000000cc600000|  0%| F|  |TAMS 0x00000000cc500000, 0x00000000cc500000| Untracked 
| 198|0x00000000cc600000, 0x00000000cc600000, 0x00000000cc700000|  0%| F|  |TAMS 0x00000000cc600000, 0x00000000cc600000| Untracked 
| 199|0x00000000cc700000, 0x00000000cc700000, 0x00000000cc800000|  0%| F|  |TAMS 0x00000000cc700000, 0x00000000cc700000| Untracked 
| 200|0x00000000cc800000, 0x00000000cc800000, 0x00000000cc900000|  0%| F|  |TAMS 0x00000000cc800000, 0x00000000cc800000| Untracked 
| 201|0x00000000cc900000, 0x00000000cc900000, 0x00000000cca00000|  0%| F|  |TAMS 0x00000000cc900000, 0x00000000cc900000| Untracked 
| 202|0x00000000cca00000, 0x00000000cca00000, 0x00000000ccb00000|  0%| F|  |TAMS 0x00000000cca00000, 0x00000000cca00000| Untracked 
| 203|0x00000000ccb00000, 0x00000000ccb00000, 0x00000000ccc00000|  0%| F|  |TAMS 0x00000000ccb00000, 0x00000000ccb00000| Untracked 
| 204|0x00000000ccc00000, 0x00000000ccc00000, 0x00000000ccd00000|  0%| F|  |TAMS 0x00000000ccc00000, 0x00000000ccc00000| Untracked 
| 205|0x00000000ccd00000, 0x00000000ccd00000, 0x00000000cce00000|  0%| F|  |TAMS 0x00000000ccd00000, 0x00000000ccd00000| Untracked 
| 206|0x00000000cce00000, 0x00000000cce00000, 0x00000000ccf00000|  0%| F|  |TAMS 0x00000000cce00000, 0x00000000cce00000| Untracked 
| 207|0x00000000ccf00000, 0x00000000ccf00000, 0x00000000cd000000|  0%| F|  |TAMS 0x00000000ccf00000, 0x00000000ccf00000| Untracked 
| 208|0x00000000cd000000, 0x00000000cd000000, 0x00000000cd100000|  0%| F|  |TAMS 0x00000000cd000000, 0x00000000cd000000| Untracked 
| 209|0x00000000cd100000, 0x00000000cd100000, 0x00000000cd200000|  0%| F|  |TAMS 0x00000000cd100000, 0x00000000cd100000| Untracked 
| 210|0x00000000cd200000, 0x00000000cd200000, 0x00000000cd300000|  0%| F|  |TAMS 0x00000000cd200000, 0x00000000cd200000| Untracked 
| 211|0x00000000cd300000, 0x00000000cd300000, 0x00000000cd400000|  0%| F|  |TAMS 0x00000000cd300000, 0x00000000cd300000| Untracked 
| 212|0x00000000cd400000, 0x00000000cd400000, 0x00000000cd500000|  0%| F|  |TAMS 0x00000000cd400000, 0x00000000cd400000| Untracked 
| 213|0x00000000cd500000, 0x00000000cd500000, 0x00000000cd600000|  0%| F|  |TAMS 0x00000000cd500000, 0x00000000cd500000| Untracked 
| 214|0x00000000cd600000, 0x00000000cd600000, 0x00000000cd700000|  0%| F|  |TAMS 0x00000000cd600000, 0x00000000cd600000| Untracked 
| 215|0x00000000cd700000, 0x00000000cd700000, 0x00000000cd800000|  0%| F|  |TAMS 0x00000000cd700000, 0x00000000cd700000| Untracked 
| 284|0x00000000d1c00000, 0x00000000d1c00000, 0x00000000d1d00000|  0%| F|  |TAMS 0x00000000d1c00000, 0x00000000d1c00000| Untracked 
| 285|0x00000000d1d00000, 0x00000000d1d00000, 0x00000000d1e00000|  0%| F|  |TAMS 0x00000000d1d00000, 0x00000000d1d00000| Untracked 
| 318|0x00000000d3e00000, 0x00000000d3f00000, 0x00000000d3f00000|100%| O|  |TAMS 0x00000000d3f00000, 0x00000000d3e00000| Untracked 
| 319|0x00000000d3f00000, 0x00000000d4000000, 0x00000000d4000000|100%| O|  |TAMS 0x00000000d4000000, 0x00000000d3f00000| Untracked 
| 321|0x00000000d4100000, 0x00000000d4200000, 0x00000000d4200000|100%| O|  |TAMS 0x00000000d4200000, 0x00000000d4100000| Untracked 
| 479|0x00000000ddf00000, 0x00000000ddf3bcb0, 0x00000000de000000| 23%| E|  |TAMS 0x00000000ddf00000, 0x00000000ddf00000| Complete 
| 481|0x00000000de100000, 0x00000000de200000, 0x00000000de200000|100%| O|  |TAMS 0x00000000de200000, 0x00000000de100000| Untracked 
| 482|0x00000000de200000, 0x00000000de300000, 0x00000000de300000|100%| O|  |TAMS 0x00000000de300000, 0x00000000de200000| Untracked 

Card table byte_map: [0x0000023c45180000,0x0000023c45380000] _byte_map_base: 0x0000023c44b80000

Marking Bits (Prev, Next): (CMBitMap*) 0x0000023c3f345500, (CMBitMap*) 0x0000023c3f345540
 Prev Bits: [0x0000023c45580000, 0x0000023c46580000)
 Next Bits: [0x0000023c46580000, 0x0000023c47580000)

Polling page: 0x0000023c3eac0000

Metaspace:

Usage:
  Non-class:     58.70 MB used.
      Class:      9.18 MB used.
       Both:     67.88 MB used.

Virtual space:
  Non-class space:       64.00 MB reserved,      59.06 MB ( 92%) committed,  8 nodes.
      Class space:        1.00 GB reserved,       9.50 MB ( <1%) committed,  1 nodes.
             Both:        1.06 GB reserved,      68.56 MB (  6%) committed. 

Chunk freelists:
   Non-Class:  957.00 KB
       Class:  2.62 MB
        Both:  3.56 MB

MaxMetaspaceSize: unlimited
CompressedClassSpaceSize: 1.00 GB
Initial GC threshold: 21.00 MB
Current GC threshold: 114.31 MB
CDS: off
MetaspaceReclaimPolicy: balanced
 - commit_granule_bytes: 65536.
 - commit_granule_words: 8192.
 - virtual_space_node_default_size: 1048576.
 - enlarge_chunks_in_place: 1.
 - new_chunks_are_fully_committed: 0.
 - uncommit_free_chunks: 1.
 - use_allocation_guard: 0.
 - handle_deallocations: 1.


Internal statistics:

num_allocs_failed_limit: 6.
num_arena_births: 688.
num_arena_deaths: 202.
num_vsnodes_births: 9.
num_vsnodes_deaths: 0.
num_space_committed: 1097.
num_space_uncommitted: 0.
num_chunks_returned_to_freelist: 238.
num_chunks_taken_from_freelist: 2921.
num_chunk_merges: 75.
num_chunk_splits: 2082.
num_chunks_enlarged: 1621.
num_purges: 8.
num_inconsistent_stats: 0.

CodeCache: size=49152Kb used=16717Kb max_used=17263Kb free=32434Kb
 bounds [0x0000023c41f80000, 0x0000023c43090000, 0x0000023c44f80000]
 total_blobs=9971 nmethods=9280 adapters=618
 compilation: enabled
              stopped_count=0, restarted_count=0
 full_count=0

Compilation events (20 events):
Event: 47757.038 Thread 0x0000023c49dc7d70 9436       1       org.eclipse.jdt.internal.compiler.lookup.BinaryTypeBinding::initializeTypeVariable (317 bytes)
Event: 47757.059 Thread 0x0000023c49dc7d70 nmethod 9436 0x0000023c42fa8290 code [0x0000023c42fa8520, 0x0000023c42fa8e88]
Event: 47757.059 Thread 0x0000023c49dc7d70 9437       1       org.eclipse.jdt.internal.compiler.lookup.ReferenceBinding::isPublic (13 bytes)
Event: 47757.059 Thread 0x0000023c49dc7d70 nmethod 9437 0x0000023c42fa7f90 code [0x0000023c42fa8120, 0x0000023c42fa8218]
Event: 47757.059 Thread 0x0000023c49dc7d70 9438       1       org.eclipse.jdt.internal.compiler.lookup.MethodBinding::original (2 bytes)
Event: 47757.060 Thread 0x0000023c49dc7d70 nmethod 9438 0x0000023c42fa7c90 code [0x0000023c42fa7e20, 0x0000023c42fa7ef8]
Event: 47757.060 Thread 0x0000023c49dc7d70 9433       1       org.eclipse.jdt.internal.compiler.lookup.TypeVariableBinding::setSuperInterfaces (65 bytes)
Event: 47757.063 Thread 0x0000023c49dc7d70 nmethod 9433 0x0000023c42fa7690 code [0x0000023c42fa7840, 0x0000023c42fa7ac8]
Event: 47757.063 Thread 0x0000023c49dc7d70 9439       1       org.eclipse.jdt.internal.compiler.lookup.Scope::referenceCompilationUnit (8 bytes)
Event: 47757.065 Thread 0x0000023c49dc7d70 nmethod 9439 0x0000023c42fa7390 code [0x0000023c42fa7520, 0x0000023c42fa75f8]
Event: 47757.065 Thread 0x0000023c49dc7d70 9431       1       java.util.stream.TerminalOp::getOpFlags (2 bytes)
Event: 47757.065 Thread 0x0000023c49dc7d70 nmethod 9431 0x0000023c42fa7090 code [0x0000023c42fa7220, 0x0000023c42fa72f8]
Event: 47757.076 Thread 0x0000023c49dc7d70 9440       1       org.eclipse.jdt.internal.compiler.lookup.TypeBinding::isParameterizedType (2 bytes)
Event: 47757.076 Thread 0x0000023c49dc7d70 nmethod 9440 0x0000023c42fa6d90 code [0x0000023c42fa6f20, 0x0000023c42fa6ff8]
Event: 47795.423 Thread 0x0000023c49dc7d70 9441       1       java.util.concurrent.CompletableFuture$UniCompletion::claim (34 bytes)
Event: 47795.447 Thread 0x0000023c49dc7d70 nmethod 9441 0x0000023c42fa6710 code [0x0000023c42fa68e0, 0x0000023c42fa6be8]
Event: 47795.447 Thread 0x0000023c49dc7d70 9442       1       java.util.concurrent.ForkJoinTask::compareAndSetForkJoinTaskTag (33 bytes)
Event: 47795.447 Thread 0x0000023c49dc7d70 nmethod 9442 0x0000023c42fa6110 code [0x0000023c42fa62c0, 0x0000023c42fa6558]
Event: 47795.447 Thread 0x0000023c49dc7d70 9443       1       java.util.concurrent.ForkJoinTask::casStatus (10 bytes)
Event: 47795.448 Thread 0x0000023c49dc7d70 nmethod 9443 0x0000023c42fa5c10 code [0x0000023c42fa5dc0, 0x0000023c42fa5fb8]

GC Heap History (20 events):
Event: 65887.238 GC heap before
{Heap before GC invocations=2429 (full 2370):
 garbage-first heap   total 229376K, used 81075K [0x00000000c0000000, 0x0000000100000000)
  region size 1024K, 1 young (1024K), 0 survivors (0K)
 Metaspace       used 69511K, committed 70208K, reserved 1114112K
  class space    used 9401K, committed 9728K, reserved 1048576K
}
Event: 65887.298 GC heap after
{Heap after GC invocations=2430 (full 2371):
 garbage-first heap   total 229376K, used 81075K [0x00000000c0000000, 0x0000000100000000)
  region size 1024K, 0 young (0K), 0 survivors (0K)
 Metaspace       used 69511K, committed 70208K, reserved 1114112K
  class space    used 9401K, committed 9728K, reserved 1048576K
}
Event: 65897.685 GC heap before
{Heap before GC invocations=2430 (full 2371):
 garbage-first heap   total 229376K, used 81075K [0x00000000c0000000, 0x0000000100000000)
  region size 1024K, 1 young (1024K), 0 survivors (0K)
 Metaspace       used 69511K, committed 70208K, reserved 1114112K
  class space    used 9401K, committed 9728K, reserved 1048576K
}
Event: 65897.736 GC heap after
{Heap after GC invocations=2431 (full 2372):
 garbage-first heap   total 229376K, used 81075K [0x00000000c0000000, 0x0000000100000000)
  region size 1024K, 0 young (0K), 0 survivors (0K)
 Metaspace       used 69511K, committed 70208K, reserved 1114112K
  class space    used 9401K, committed 9728K, reserved 1048576K
}
Event: 65908.068 GC heap before
{Heap before GC invocations=2431 (full 2372):
 garbage-first heap   total 229376K, used 81075K [0x00000000c0000000, 0x0000000100000000)
  region size 1024K, 1 young (1024K), 0 survivors (0K)
 Metaspace       used 69511K, committed 70208K, reserved 1114112K
  class space    used 9401K, committed 9728K, reserved 1048576K
}
Event: 65908.120 GC heap after
{Heap after GC invocations=2432 (full 2373):
 garbage-first heap   total 229376K, used 81075K [0x00000000c0000000, 0x0000000100000000)
  region size 1024K, 0 young (0K), 0 survivors (0K)
 Metaspace       used 69511K, committed 70208K, reserved 1114112K
  class space    used 9401K, committed 9728K, reserved 1048576K
}
Event: 65918.536 GC heap before
{Heap before GC invocations=2432 (full 2373):
 garbage-first heap   total 229376K, used 81075K [0x00000000c0000000, 0x0000000100000000)
  region size 1024K, 1 young (1024K), 0 survivors (0K)
 Metaspace       used 69511K, committed 70208K, reserved 1114112K
  class space    used 9401K, committed 9728K, reserved 1048576K
}
Event: 65918.589 GC heap after
{Heap after GC invocations=2433 (full 2374):
 garbage-first heap   total 229376K, used 81075K [0x00000000c0000000, 0x0000000100000000)
  region size 1024K, 0 young (0K), 0 survivors (0K)
 Metaspace       used 69511K, committed 70208K, reserved 1114112K
  class space    used 9401K, committed 9728K, reserved 1048576K
}
Event: 65929.260 GC heap before
{Heap before GC invocations=2433 (full 2374):
 garbage-first heap   total 229376K, used 81075K [0x00000000c0000000, 0x0000000100000000)
  region size 1024K, 1 young (1024K), 0 survivors (0K)
 Metaspace       used 69511K, committed 70208K, reserved 1114112K
  class space    used 9401K, committed 9728K, reserved 1048576K
}
Event: 65929.318 GC heap after
{Heap after GC invocations=2434 (full 2375):
 garbage-first heap   total 229376K, used 81075K [0x00000000c0000000, 0x0000000100000000)
  region size 1024K, 0 young (0K), 0 survivors (0K)
 Metaspace       used 69511K, committed 70208K, reserved 1114112K
  class space    used 9401K, committed 9728K, reserved 1048576K
}
Event: 65939.783 GC heap before
{Heap before GC invocations=2434 (full 2375):
 garbage-first heap   total 229376K, used 81075K [0x00000000c0000000, 0x0000000100000000)
  region size 1024K, 1 young (1024K), 0 survivors (0K)
 Metaspace       used 69511K, committed 70208K, reserved 1114112K
  class space    used 9401K, committed 9728K, reserved 1048576K
}
Event: 65939.902 GC heap after
{Heap after GC invocations=2435 (full 2376):
 garbage-first heap   total 229376K, used 81075K [0x00000000c0000000, 0x0000000100000000)
  region size 1024K, 0 young (0K), 0 survivors (0K)
 Metaspace       used 69511K, committed 70208K, reserved 1114112K
  class space    used 9401K, committed 9728K, reserved 1048576K
}
Event: 65950.469 GC heap before
{Heap before GC invocations=2435 (full 2376):
 garbage-first heap   total 229376K, used 81075K [0x00000000c0000000, 0x0000000100000000)
  region size 1024K, 1 young (1024K), 0 survivors (0K)
 Metaspace       used 69511K, committed 70208K, reserved 1114112K
  class space    used 9401K, committed 9728K, reserved 1048576K
}
Event: 65950.559 GC heap after
{Heap after GC invocations=2436 (full 2377):
 garbage-first heap   total 229376K, used 81075K [0x00000000c0000000, 0x0000000100000000)
  region size 1024K, 0 young (0K), 0 survivors (0K)
 Metaspace       used 69511K, committed 70208K, reserved 1114112K
  class space    used 9401K, committed 9728K, reserved 1048576K
}
Event: 65960.920 GC heap before
{Heap before GC invocations=2436 (full 2377):
 garbage-first heap   total 229376K, used 81075K [0x00000000c0000000, 0x0000000100000000)
  region size 1024K, 1 young (1024K), 0 survivors (0K)
 Metaspace       used 69511K, committed 70208K, reserved 1114112K
  class space    used 9401K, committed 9728K, reserved 1048576K
}
Event: 65960.995 GC heap after
{Heap after GC invocations=2437 (full 2378):
 garbage-first heap   total 229376K, used 81075K [0x00000000c0000000, 0x0000000100000000)
  region size 1024K, 0 young (0K), 0 survivors (0K)
 Metaspace       used 69511K, committed 70208K, reserved 1114112K
  class space    used 9401K, committed 9728K, reserved 1048576K
}
Event: 65971.552 GC heap before
{Heap before GC invocations=2437 (full 2378):
 garbage-first heap   total 229376K, used 81075K [0x00000000c0000000, 0x0000000100000000)
  region size 1024K, 1 young (1024K), 0 survivors (0K)
 Metaspace       used 69511K, committed 70208K, reserved 1114112K
  class space    used 9401K, committed 9728K, reserved 1048576K
}
Event: 65971.671 GC heap after
{Heap after GC invocations=2438 (full 2379):
 garbage-first heap   total 229376K, used 81075K [0x00000000c0000000, 0x0000000100000000)
  region size 1024K, 0 young (0K), 0 survivors (0K)
 Metaspace       used 69511K, committed 70208K, reserved 1114112K
  class space    used 9401K, committed 9728K, reserved 1048576K
}
Event: 65982.296 GC heap before
{Heap before GC invocations=2438 (full 2379):
 garbage-first heap   total 229376K, used 81075K [0x00000000c0000000, 0x0000000100000000)
  region size 1024K, 1 young (1024K), 0 survivors (0K)
 Metaspace       used 69511K, committed 70208K, reserved 1114112K
  class space    used 9401K, committed 9728K, reserved 1048576K
}
Event: 65982.363 GC heap after
{Heap after GC invocations=2439 (full 2380):
 garbage-first heap   total 229376K, used 81075K [0x00000000c0000000, 0x0000000100000000)
  region size 1024K, 0 young (0K), 0 survivors (0K)
 Metaspace       used 69511K, committed 70208K, reserved 1114112K
  class space    used 9401K, committed 9728K, reserved 1048576K
}

Dll operation events (10 events):
Event: 0.018 Loaded shared library c:\Users\senab\.vscode\extensions\redhat.java-1.14.0-win32-x64\jre\17.0.5-win32-x86_64\bin\java.dll
Event: 1.282 Loaded shared library C:\Users\senab\.vscode\extensions\redhat.java-1.14.0-win32-x64\jre\17.0.5-win32-x86_64\bin\net.dll
Event: 1.284 Loaded shared library C:\Users\senab\.vscode\extensions\redhat.java-1.14.0-win32-x64\jre\17.0.5-win32-x86_64\bin\nio.dll
Event: 2.721 Loaded shared library C:\Users\senab\.vscode\extensions\redhat.java-1.14.0-win32-x64\jre\17.0.5-win32-x86_64\bin\zip.dll
Event: 18.697 Loaded shared library C:\Users\senab\.vscode\extensions\redhat.java-1.14.0-win32-x64\jre\17.0.5-win32-x86_64\bin\jimage.dll
Event: 22.123 Loaded shared library c:\Users\senab\.vscode\extensions\redhat.java-1.14.0-win32-x64\jre\17.0.5-win32-x86_64\bin\verify.dll
Event: 33.007 Loaded shared library C:\Users\senab\.vscode\extensions\redhat.java-1.14.0-win32-x64\jre\17.0.5-win32-x86_64\bin\management.dll
Event: 33.081 Loaded shared library C:\Users\senab\.vscode\extensions\redhat.java-1.14.0-win32-x64\jre\17.0.5-win32-x86_64\bin\management_ext.dll
Event: 37.206 Loaded shared library C:\Users\senab\.vscode\extensions\redhat.java-1.14.0-win32-x64\jre\17.0.5-win32-x86_64\bin\sunmscapi.dll
Event: 49.045 Loaded shared library C:\Users\senab\AppData\Local\Temp\snappy-1.1.8-dd54b90c-199d-4be4-bb9a-d24acd2b64aa-snappyjava.dll

Deoptimization events (20 events):
Event: 37.836 Thread 0x0000023c4bcd7c30 DEOPT PACKING pc=0x0000023c429c96ee sp=0x000000af8f1fdc60
Event: 37.836 Thread 0x0000023c4bcd7c30 DEOPT UNPACKING pc=0x0000023c41fd2b43 sp=0x000000af8f1fd158 mode 3
Event: 43.351 Thread 0x0000023c4bcd7760 DEOPT PACKING pc=0x0000023c42853fb4 sp=0x000000af8efff0a0
Event: 43.351 Thread 0x0000023c4bcd7760 DEOPT UNPACKING pc=0x0000023c41fd2b43 sp=0x000000af8effe6e8 mode 0
Event: 45.758 Thread 0x0000023c4bcd7290 DEOPT PACKING pc=0x0000023c42325252 sp=0x000000af8eefdb20
Event: 45.758 Thread 0x0000023c4bcd7290 DEOPT UNPACKING pc=0x0000023c41fd2b43 sp=0x000000af8eefd028 mode 3
Event: 46.512 Thread 0x0000023c4bcd7290 DEOPT PACKING pc=0x0000023c42d83a74 sp=0x000000af8eefdbb0
Event: 46.512 Thread 0x0000023c4bcd7290 DEOPT UNPACKING pc=0x0000023c41fd2b43 sp=0x000000af8eefd0e0 mode 0
Event: 46.512 Thread 0x0000023c4bcd7290 DEOPT PACKING pc=0x0000023c42d2ebf4 sp=0x000000af8eefdeb0
Event: 46.512 Thread 0x0000023c4bcd7290 DEOPT UNPACKING pc=0x0000023c41fd2b43 sp=0x000000af8eefd3a8 mode 0
Event: 46.512 Thread 0x0000023c4bcd7290 DEOPT PACKING pc=0x0000023c42d32df4 sp=0x000000af8eefdf80
Event: 46.512 Thread 0x0000023c4bcd7290 DEOPT UNPACKING pc=0x0000023c41fd2b43 sp=0x000000af8eefd458 mode 0
Event: 46.512 Thread 0x0000023c4bcd7290 DEOPT PACKING pc=0x0000023c42cf9024 sp=0x000000af8eefe030
Event: 46.512 Thread 0x0000023c4bcd7290 DEOPT UNPACKING pc=0x0000023c41fd2b43 sp=0x000000af8eefd5b0 mode 0
Event: 46.513 Thread 0x0000023c4bcd7290 DEOPT PACKING pc=0x0000023c42d4a6ac sp=0x000000af8eefe350
Event: 46.513 Thread 0x0000023c4bcd7290 DEOPT UNPACKING pc=0x0000023c41fd2b43 sp=0x000000af8eefd7e0 mode 0
Event: 80.791 Thread 0x0000023c4befe820 DEOPT PACKING pc=0x0000023c42af783d sp=0x000000af8f4fdba0
Event: 80.792 Thread 0x0000023c4befe820 DEOPT UNPACKING pc=0x0000023c41fd2b43 sp=0x000000af8f4fd120 mode 3
Event: 146.637 Thread 0x0000023c4b35ccb0 DEOPT PACKING pc=0x0000023c42466754 sp=0x000000af8e8fecc0
Event: 146.637 Thread 0x0000023c4b35ccb0 DEOPT UNPACKING pc=0x0000023c41fd2b43 sp=0x000000af8e8fe148 mode 0

Classes unloaded (20 events):
Event: 239.664 Thread 0x0000023c49d81f60 Unloading class 0x0000000100359400 'java/lang/invoke/LambdaForm$MH+0x0000000100359400'
Event: 239.664 Thread 0x0000023c49d81f60 Unloading class 0x0000000100359000 'java/lang/invoke/LambdaForm$MH+0x0000000100359000'
Event: 239.665 Thread 0x0000023c49d81f60 Unloading class 0x00000001000d1c00 'java/lang/invoke/LambdaForm$MH+0x00000001000d1c00'
Event: 239.665 Thread 0x0000023c49d81f60 Unloading class 0x00000001000d1800 'java/lang/invoke/LambdaForm$MH+0x00000001000d1800'
Event: 239.665 Thread 0x0000023c49d81f60 Unloading class 0x00000001000d1400 'java/lang/invoke/LambdaForm$MH+0x00000001000d1400'
Event: 239.665 Thread 0x0000023c49d81f60 Unloading class 0x00000001000d1000 'java/lang/invoke/LambdaForm$MH+0x00000001000d1000'
Event: 239.665 Thread 0x0000023c49d81f60 Unloading class 0x00000001000d0c00 'java/lang/invoke/LambdaForm$MH+0x00000001000d0c00'
Event: 239.665 Thread 0x0000023c49d81f60 Unloading class 0x00000001000d0800 'java/lang/invoke/LambdaForm$MH+0x00000001000d0800'
Event: 239.665 Thread 0x0000023c49d81f60 Unloading class 0x00000001000d0400 'java/lang/invoke/LambdaForm$MH+0x00000001000d0400'
Event: 239.665 Thread 0x0000023c49d81f60 Unloading class 0x00000001000d0000 'java/lang/invoke/LambdaForm$MH+0x00000001000d0000'
Event: 239.665 Thread 0x0000023c49d81f60 Unloading class 0x00000001000cb800 'java/lang/invoke/LambdaForm$MH+0x00000001000cb800'
Event: 239.665 Thread 0x0000023c49d81f60 Unloading class 0x00000001000cb400 'java/lang/invoke/LambdaForm$MH+0x00000001000cb400'
Event: 239.665 Thread 0x0000023c49d81f60 Unloading class 0x00000001000cb000 'java/lang/invoke/LambdaForm$MH+0x00000001000cb000'
Event: 239.665 Thread 0x0000023c49d81f60 Unloading class 0x00000001000cac00 'java/lang/invoke/LambdaForm$MH+0x00000001000cac00'
Event: 239.665 Thread 0x0000023c49d81f60 Unloading class 0x00000001000ca800 'java/lang/invoke/LambdaForm$MH+0x00000001000ca800'
Event: 239.665 Thread 0x0000023c49d81f60 Unloading class 0x00000001000ca400 'java/lang/invoke/LambdaForm$MH+0x00000001000ca400'
Event: 239.665 Thread 0x0000023c49d81f60 Unloading class 0x00000001000c9c00 'java/lang/invoke/LambdaForm$MH+0x00000001000c9c00'
Event: 239.665 Thread 0x0000023c49d81f60 Unloading class 0x00000001000c9400 'java/lang/invoke/LambdaForm$MH+0x00000001000c9400'
Event: 239.665 Thread 0x0000023c49d81f60 Unloading class 0x00000001000c8c00 'java/lang/invoke/LambdaForm$MH+0x00000001000c8c00'
Event: 239.665 Thread 0x0000023c49d81f60 Unloading class 0x00000001000c8400 'java/lang/invoke/LambdaForm$MH+0x00000001000c8400'

Classes redefined (0 events):
No events

Internal exceptions (20 events):
Event: 8836.387 Thread 0x0000023c4befcb40 Exception <a 'sun/nio/fs/WindowsException'{0x00000000caa18348}> (0x00000000caa18348) 
thrown [s\src\hotspot\share\prims\jni.cpp, line 516]
Event: 8836.387 Thread 0x0000023c4befcb40 Exception <a 'sun/nio/fs/WindowsException'{0x00000000caa186a0}> (0x00000000caa186a0) 
thrown [s\src\hotspot\share\prims\jni.cpp, line 516]
Event: 8836.387 Thread 0x0000023c4befcb40 Exception <a 'sun/nio/fs/WindowsException'{0x00000000caa19b30}> (0x00000000caa19b30) 
thrown [s\src\hotspot\share\prims\jni.cpp, line 516]
Event: 8836.387 Thread 0x0000023c4befcb40 Exception <a 'sun/nio/fs/WindowsException'{0x00000000caa19ea8}> (0x00000000caa19ea8) 
thrown [s\src\hotspot\share\prims\jni.cpp, line 516]
Event: 8836.396 Thread 0x0000023c4befcb40 Exception <a 'sun/nio/fs/WindowsException'{0x00000000ca966458}> (0x00000000ca966458) 
thrown [s\src\hotspot\share\prims\jni.cpp, line 516]
Event: 8836.396 Thread 0x0000023c4befcb40 Exception <a 'sun/nio/fs/WindowsException'{0x00000000ca966800}> (0x00000000ca966800) 
thrown [s\src\hotspot\share\prims\jni.cpp, line 516]
Event: 8836.396 Thread 0x0000023c4befcb40 Exception <a 'sun/nio/fs/WindowsException'{0x00000000ca967cf0}> (0x00000000ca967cf0) 
thrown [s\src\hotspot\share\prims\jni.cpp, line 516]
Event: 8836.396 Thread 0x0000023c4befcb40 Exception <a 'sun/nio/fs/WindowsException'{0x00000000ca9680b0}> (0x00000000ca9680b0) 
thrown [s\src\hotspot\share\prims\jni.cpp, line 516]
Event: 8836.397 Thread 0x0000023c4befcb40 Exception <a 'sun/nio/fs/WindowsException'{0x00000000ca97eed0}> (0x00000000ca97eed0) 
thrown [s\src\hotspot\share\prims\jni.cpp, line 516]
Event: 8836.397 Thread 0x0000023c4befcb40 Exception <a 'sun/nio/fs/WindowsException'{0x00000000ca97f240}> (0x00000000ca97f240) 
thrown [s\src\hotspot\share\prims\jni.cpp, line 516]
Event: 8836.397 Thread 0x0000023c4befcb40 Exception <a 'sun/nio/fs/WindowsException'{0x00000000ca9806f8}> (0x00000000ca9806f8) 
thrown [s\src\hotspot\share\prims\jni.cpp, line 516]
Event: 8836.397 Thread 0x0000023c4befcb40 Exception <a 'sun/nio/fs/WindowsException'{0x00000000ca980a88}> (0x00000000ca980a88) 
thrown [s\src\hotspot\share\prims\jni.cpp, line 516]
Event: 8836.401 Thread 0x0000023c4befcb40 Exception <a 'sun/nio/fs/WindowsException'{0x00000000ca9d1440}> (0x00000000ca9d1440) 
thrown [s\src\hotspot\share\prims\jni.cpp, line 516]
Event: 8836.401 Thread 0x0000023c4befcb40 Exception <a 'sun/nio/fs/WindowsException'{0x00000000ca9d17c0}> (0x00000000ca9d17c0) 
thrown [s\src\hotspot\share\prims\jni.cpp, line 516]
Event: 8836.401 Thread 0x0000023c4befcb40 Exception <a 'sun/nio/fs/WindowsException'{0x00000000ca9d2c80}> (0x00000000ca9d2c80) 
thrown [s\src\hotspot\share\prims\jni.cpp, line 516]
Event: 8836.401 Thread 0x0000023c4befcb40 Exception <a 'sun/nio/fs/WindowsException'{0x00000000ca9d3020}> (0x00000000ca9d3020) 
thrown [s\src\hotspot\share\prims\jni.cpp, line 516]
Event: 8836.418 Thread 0x0000023c4befcb40 Exception <a 'sun/nio/fs/WindowsException'{0x00000000ca7d0058}> (0x00000000ca7d0058) 
thrown [s\src\hotspot\share\prims\jni.cpp, line 516]
Event: 8836.418 Thread 0x0000023c4befcb40 Exception <a 'sun/nio/fs/WindowsException'{0x00000000ca7d03c8}> (0x00000000ca7d03c8) 
thrown [s\src\hotspot\share\prims\jni.cpp, line 516]
Event: 8836.418 Thread 0x0000023c4befcb40 Exception <a 'sun/nio/fs/WindowsException'{0x00000000ca7d1880}> (0x00000000ca7d1880) 
thrown [s\src\hotspot\share\prims\jni.cpp, line 516]
Event: 8836.418 Thread 0x0000023c4befcb40 Exception <a 'sun/nio/fs/WindowsException'{0x00000000ca7d1c10}> (0x00000000ca7d1c10) 
thrown [s\src\hotspot\share\prims\jni.cpp, line 516]

VM Operations (20 events):
Event: 65887.298 Executing VM operation: G1CollectFull done
Event: 65897.685 Executing VM operation: G1CollectFull
Event: 65897.736 Executing VM operation: G1CollectFull done
Event: 65908.067 Executing VM operation: G1CollectFull
Event: 65908.120 Executing VM operation: G1CollectFull done
Event: 65918.536 Executing VM operation: G1CollectFull
Event: 65918.589 Executing VM operation: G1CollectFull done
Event: 65929.260 Executing VM operation: G1CollectFull
Event: 65929.318 Executing VM operation: G1CollectFull done
Event: 65939.777 Executing VM operation: G1CollectFull
Event: 65939.902 Executing VM operation: G1CollectFull done
Event: 65950.465 Executing VM operation: G1CollectFull
Event: 65950.560 Executing VM operation: G1CollectFull done
Event: 65960.919 Executing VM operation: G1CollectFull
Event: 65960.996 Executing VM operation: G1CollectFull done
Event: 65971.509 Executing VM operation: G1CollectFull
Event: 65971.674 Executing VM operation: G1CollectFull done
Event: 65982.288 Executing VM operation: G1CollectFull
Event: 65982.363 Executing VM operation: G1CollectFull done
Event: 65992.479 Executing VM operation: G1CollectFull

Events (20 events):
Event: 8895.758 Thread 0x0000023c4beff1c0 Thread exited: 0x0000023c4beff1c0
Event: 8896.443 Thread 0x0000023c4befde80 Thread exited: 0x0000023c4befde80
Event: 8896.446 Thread 0x0000023c4beff690 Thread exited: 0x0000023c4beff690
Event: 8896.446 Thread 0x0000023c4bef9b20 Thread exited: 0x0000023c4bef9b20
Event: 8896.446 Thread 0x0000023c4bef9180 Thread exited: 0x0000023c4bef9180
Event: 8907.106 Thread 0x0000023c4befc1a0 Thread exited: 0x0000023c4befc1a0
Event: 8956.458 Thread 0x0000023c4befcb40 Thread exited: 0x0000023c4befcb40
Event: 9016.458 Thread 0x0000023c4befd9b0 Thread exited: 0x0000023c4befd9b0
Event: 9076.472 Thread 0x0000023c4befd010 Thread exited: 0x0000023c4befd010
Event: 9136.482 Thread 0x0000023c4befa990 Thread exited: 0x0000023c4befa990
Event: 47647.139 Thread 0x0000023c4befb800 Thread added: 0x0000023c4befb800
Event: 47647.203 Thread 0x0000023c4beff1c0 Thread added: 0x0000023c4beff1c0
Event: 47647.397 Thread 0x0000023c5b8e00d0 Thread added: 0x0000023c5b8e00d0
Event: 47652.488 Thread 0x0000023c5b8e00d0 Thread exited: 0x0000023c5b8e00d0
Event: 47707.489 Thread 0x0000023c4beff1c0 Thread exited: 0x0000023c4beff1c0
Event: 47707.489 Thread 0x0000023c4befb800 Thread exited: 0x0000023c4befb800
Event: 47756.933 Thread 0x0000023c4bef9b20 Thread added: 0x0000023c4bef9b20
Event: 47756.965 Thread 0x0000023c4beff1c0 Thread added: 0x0000023c4beff1c0
Event: 47817.097 Thread 0x0000023c4beff1c0 Thread exited: 0x0000023c4beff1c0
Event: 47855.435 Thread 0x0000023c4bef9b20 Thread exited: 0x0000023c4bef9b20


Dynamic libraries:
0x00007ff615010000 - 0x00007ff61501e000 	c:\Users\senab\.vscode\extensions\redhat.java-1.14.0-win32-x64\jre\17.0.5-win32-x86_64\bin\java.exe
0x00007ff868070000 - 0x00007ff868284000 	C:\WINDOWS\SYSTEM32\ntdll.dll
0x00007ff866f00000 - 0x00007ff866fc3000 	C:\WINDOWS\System32\KERNEL32.DLL
0x00007ff865ae0000 - 0x00007ff865e7c000 	C:\WINDOWS\System32\KERNELBASE.dll
0x00007ff8654b0000 - 0x00007ff8655c1000 	C:\WINDOWS\System32\ucrtbase.dll
0x00007ff850320000 - 0x00007ff850337000 	c:\Users\senab\.vscode\extensions\redhat.java-1.14.0-win32-x64\jre\17.0.5-win32-x86_64\bin\jli.dll
0x00007ff850230000 - 0x00007ff850249000 	c:\Users\senab\.vscode\extensions\redhat.java-1.14.0-win32-x64\jre\17.0.5-win32-x86_64\bin\VCRUNTIME140.dll
0x00007ff866fd0000 - 0x00007ff86717d000 	C:\WINDOWS\System32\USER32.dll
0x00007ff84f550000 - 0x00007ff84f7de000 	C:\WINDOWS\WinSxS\amd64_microsoft.windows.common-controls_6595b64144ccf1df_6.0.22621.608_none_a9444ca7c10bb01d\COMCTL32.dll
0x00007ff867dc0000 - 0x00007ff867e67000 	C:\WINDOWS\System32\msvcrt.dll
0x00007ff867d90000 - 0x00007ff867db9000 	C:\WINDOWS\System32\GDI32.dll
0x00007ff865970000 - 0x00007ff865996000 	C:\WINDOWS\System32\win32u.dll
0x00007ff865850000 - 0x00007ff865962000 	C:\WINDOWS\System32\gdi32full.dll
0x00007ff8655d0000 - 0x00007ff86566a000 	C:\WINDOWS\System32\msvcp_win.dll
0x00007ff867180000 - 0x00007ff8671b2000 	C:\WINDOWS\System32\IMM32.DLL
0x00007ff84b060000 - 0x00007ff84b06c000 	c:\Users\senab\.vscode\extensions\redhat.java-1.14.0-win32-x64\jre\17.0.5-win32-x86_64\bin\vcruntime140_1.dll
0x00007ff820e90000 - 0x00007ff820f21000 	c:\Users\senab\.vscode\extensions\redhat.java-1.14.0-win32-x64\jre\17.0.5-win32-x86_64\bin\msvcp140.dll
0x00007fffe47a0000 - 0x00007fffe53e4000 	c:\Users\senab\.vscode\extensions\redhat.java-1.14.0-win32-x64\jre\17.0.5-win32-x86_64\bin\server\jvm.dll
0x00007ff866ba0000 - 0x00007ff866c4e000 	C:\WINDOWS\System32\ADVAPI32.dll
0x00007ff866930000 - 0x00007ff8669d4000 	C:\WINDOWS\System32\sechost.dll
0x00007ff866330000 - 0x00007ff866445000 	C:\WINDOWS\System32\RPCRT4.dll
0x00007ff85be40000 - 0x00007ff85be4a000 	C:\WINDOWS\SYSTEM32\VERSION.dll
0x00007ff85be50000 - 0x00007ff85be84000 	C:\WINDOWS\SYSTEM32\WINMM.dll
0x00007ff8507e0000 - 0x00007ff8507e9000 	C:\WINDOWS\SYSTEM32\WSOCK32.dll
0x00007ff867d10000 - 0x00007ff867d81000 	C:\WINDOWS\System32\WS2_32.dll
0x00007ff864500000 - 0x00007ff864518000 	C:\WINDOWS\SYSTEM32\kernel.appcore.dll
0x00007ff83c890000 - 0x00007ff83c89a000 	c:\Users\senab\.vscode\extensions\redhat.java-1.14.0-win32-x64\jre\17.0.5-win32-x86_64\bin\jimage.dll
0x00007ff862a50000 - 0x00007ff862c7e000 	C:\WINDOWS\SYSTEM32\DBGHELP.DLL
0x00007ff8664e0000 - 0x00007ff86686a000 	C:\WINDOWS\System32\combase.dll
0x00007ff8679b0000 - 0x00007ff867a87000 	C:\WINDOWS\System32\OLEAUT32.dll
0x00007ff84a7d0000 - 0x00007ff84a802000 	C:\WINDOWS\SYSTEM32\dbgcore.DLL
0x00007ff8659a0000 - 0x00007ff865a1b000 	C:\WINDOWS\System32\bcryptPrimitives.dll
0x00007ff839e10000 - 0x00007ff839e35000 	c:\Users\senab\.vscode\extensions\redhat.java-1.14.0-win32-x64\jre\17.0.5-win32-x86_64\bin\java.dll
0x00007ff839d20000 - 0x00007ff839d38000 	c:\Users\senab\.vscode\extensions\redhat.java-1.14.0-win32-x64\jre\17.0.5-win32-x86_64\bin\zip.dll
0x00007ff8671c0000 - 0x00007ff8679af000 	C:\WINDOWS\System32\SHELL32.dll
0x00007ff863490000 - 0x00007ff863d58000 	C:\WINDOWS\SYSTEM32\windows.storage.dll
0x00007ff863350000 - 0x00007ff86348e000 	C:\WINDOWS\SYSTEM32\wintypes.dll
0x00007ff867ed0000 - 0x00007ff867fc1000 	C:\WINDOWS\System32\SHCORE.dll
0x00007ff867cb0000 - 0x00007ff867d0e000 	C:\WINDOWS\System32\shlwapi.dll
0x00007ff8653e0000 - 0x00007ff865401000 	C:\WINDOWS\SYSTEM32\profapi.dll
0x00007ff839670000 - 0x00007ff839689000 	C:\Users\senab\.vscode\extensions\redhat.java-1.14.0-win32-x64\jre\17.0.5-win32-x86_64\bin\net.dll
0x00007ff85d120000 - 0x00007ff85d24f000 	C:\WINDOWS\SYSTEM32\WINHTTP.dll
0x00007ff8649e0000 - 0x00007ff864a49000 	C:\WINDOWS\system32\mswsock.dll
0x00007ff8381a0000 - 0x00007ff8381b5000 	C:\Users\senab\.vscode\extensions\redhat.java-1.14.0-win32-x64\jre\17.0.5-win32-x86_64\bin\nio.dll
0x00007ff839fb0000 - 0x00007ff839fc0000 	c:\Users\senab\.vscode\extensions\redhat.java-1.14.0-win32-x64\jre\17.0.5-win32-x86_64\bin\verify.dll
0x00007ff864c30000 - 0x00007ff864c4b000 	C:\WINDOWS\SYSTEM32\CRYPTSP.dll
0x00007ff864470000 - 0x00007ff8644a5000 	C:\WINDOWS\system32\rsaenh.dll
0x00007ff864ad0000 - 0x00007ff864af8000 	C:\WINDOWS\SYSTEM32\USERENV.dll
0x00007ff864e50000 - 0x00007ff864e78000 	C:\WINDOWS\SYSTEM32\bcrypt.dll
0x00007ff864c50000 - 0x00007ff864c5c000 	C:\WINDOWS\SYSTEM32\CRYPTBASE.dll
0x00007ff863fa0000 - 0x00007ff863fcd000 	C:\WINDOWS\SYSTEM32\IPHLPAPI.DLL
0x00007ff866450000 - 0x00007ff866459000 	C:\WINDOWS\System32\NSI.dll
0x00007ff85c900000 - 0x00007ff85c919000 	C:\WINDOWS\SYSTEM32\dhcpcsvc6.DLL
0x00007ff85c8e0000 - 0x00007ff85c8ff000 	C:\WINDOWS\SYSTEM32\dhcpcsvc.DLL
0x00007ff863fd0000 - 0x00007ff8640c3000 	C:\WINDOWS\SYSTEM32\DNSAPI.dll
0x00007ff839790000 - 0x00007ff839799000 	C:\Users\senab\.vscode\extensions\redhat.java-1.14.0-win32-x64\jre\17.0.5-win32-x86_64\bin\management.dll
0x00007ff839660000 - 0x00007ff83966b000 	C:\Users\senab\.vscode\extensions\redhat.java-1.14.0-win32-x64\jre\17.0.5-win32-x86_64\bin\management_ext.dll
0x00007ff866300000 - 0x00007ff866308000 	C:\WINDOWS\System32\PSAPI.DLL
0x00007ff839a30000 - 0x00007ff839a3e000 	C:\Users\senab\.vscode\extensions\redhat.java-1.14.0-win32-x64\jre\17.0.5-win32-x86_64\bin\sunmscapi.dll
0x00007ff865670000 - 0x00007ff8657d6000 	C:\WINDOWS\System32\CRYPT32.dll
0x00007ff864e20000 - 0x00007ff864e4d000 	C:\WINDOWS\SYSTEM32\ncrypt.dll
0x00007ff864de0000 - 0x00007ff864e17000 	C:\WINDOWS\SYSTEM32\NTASN1.dll
0x00007ff85ac10000 - 0x00007ff85ac1a000 	C:\Windows\System32\rasadhlp.dll
0x00007ff85b8e0000 - 0x00007ff85b963000 	C:\WINDOWS\System32\fwpuclnt.dll
0x000000006c500000 - 0x000000006c5c7000 	C:\Users\senab\AppData\Local\Temp\snappy-1.1.8-dd54b90c-199d-4be4-bb9a-d24acd2b64aa-snappyjava.dll

dbghelp: loaded successfully - version: 4.0.5 - missing functions: none
symbol engine: initialized successfully - sym options: 0x614 - pdb path: .;c:\Users\senab\.vscode\extensions\redhat.java-1.14.0-win32-x64\jre\17.0.5-win32-x86_64\bin;C:\WINDOWS\SYSTEM32;C:\WINDOWS\WinSxS\amd64_microsoft.windows.common-controls_6595b64144ccf1df_6.0.22621.608_none_a9444ca7c10bb01d;c:\Users\senab\.vscode\extensions\redhat.java-1.14.0-win32-x64\jre\17.0.5-win32-x86_64\bin\server;C:\Users\senab\AppData\Local\Temp

VM Arguments:
jvm_args: -XX:+HeapDumpOnOutOfMemoryError -Xmx1024m -Dsts.lsp.client=vscode -Dsts.log.file=/dev/null -XX:TieredStopAtLevel=1 -Xlog:jni+resolve=off -Dspring.config.location=file:c:\Users\senab\.vscode\extensions\vmware.vscode-spring-boot-1.44.0\language-server\BOOT-INF\classes\application.properties 
java_command: org.springframework.ide.vscode.boot.app.BootLanguageServerBootApp
java_class_path (initial): c:\Users\senab\.vscode\extensions\vmware.vscode-spring-boot-1.44.0\language-server\BOOT-INF\classes;c:\Users\senab\.vscode\extensions\vmware.vscode-spring-boot-1.44.0\language-server\BOOT-INF\lib\annotations-24.0.0.jar;c:\Users\senab\.vscode\extensions\vmware.vscode-spring-boot-1.44.0\language-server\BOOT-INF\lib\ant-1.10.13.jar;c:\Users\senab\.vscode\extensions\vmware.vscode-spring-boot-1.44.0\language-server\BOOT-INF\lib\ant-launcher-1.10.13.jar;c:\Users\senab\.vscode\extensions\vmware.vscode-spring-boot-1.44.0\language-server\BOOT-INF\lib\antlr-runtime-3.5.2.jar;c:\Users\senab\.vscode\extensions\vmware.vscode-spring-boot-1.44.0\language-server\BOOT-INF\lib\antlr4-4.9.3.jar;c:\Users\senab\.vscode\extensions\vmware.vscode-spring-boot-1.44.0\language-server\BOOT-INF\lib\antlr4-runtime-4.9.3.jar;c:\Users\senab\.vscode\extensions\vmware.vscode-spring-boot-1.44.0\language-server\BOOT-INF\lib\apiguardian-api-1.1.2.jar;c:\Users\senab\.vscode\extensions\vmware.vscode-spring-boot-1.44.0\language-server\BOOT-INF\lib\asm-9.4.jar;c:\Users\senab\.vscode\extensions\vmware.vscode-spring-boot-1.44.0\language-server\BOOT-INF\lib\asm-analysis-9.4.jar;c:\Users\senab\.vscode\extensions\vmware.vscode-spring-boot-1.44.0\language-server\BOOT-INF\lib\asm-tree-9.4.jar;c:\Users\senab\.vscode\extensions\vmware.vscode-spring-boot-1.44.0\language-server\BOOT-INF\lib\asm-util-9.4.jar;c:\Users\senab\.vscode\extensions\vmware.vscode-spring-boot-1.44.0\language-server\BOOT-INF\lib\caffeine-3.1.2.jar;c:\Users\senab\.vscode\extensions\vmware.vscode-spring-boot-1.44.0\language-server\BOOT-INF\lib\checker-qual-3.12.0.jar;c:\Users\senab\.vscode\extensions\vmware.vscode-spring-boot-1.44.0\language-server\BOOT-INF\lib\ci-environment-9.1.0.jar;c:\Users\senab\.vscode\extensions\vmware.vscode-spring-boot-1.44.0\language-server\BOOT-INF\lib\classgraph-4.8.149.jar;c:\Users\senab\.vscode\extensions\vmware.vscode-spring-boot-1.44.0\language-server\BOOT-INF\lib\commons-codec-1.15.ja
Launcher Type: SUN_STANDARD

[Global flags]
     intx CICompilerCount                          = 3                                         {product} {ergonomic}
     uint ConcGCThreads                            = 2                                         {product} {ergonomic}
     uint G1ConcRefinementThreads                  = 6                                         {product} {ergonomic}
   size_t G1HeapRegionSize                         = 1048576                                   {product} {ergonomic}
    uintx GCDrainStackTargetSize                   = 64                                        {product} {ergonomic}
     bool HeapDumpOnOutOfMemoryError               = true                                   {manageable} {command line}
   size_t InitialHeapSize                          = 123731968                                 {product} {ergonomic}
   size_t MarkStackSize                            = 4194304                                   {product} {ergonomic}
   size_t MaxHeapSize                              = 1073741824                                {product} {command line}
   size_t MaxNewSize                               = 643825664                                 {product} {ergonomic}
   size_t MinHeapDeltaBytes                        = 1048576                                   {product} {ergonomic}
   size_t MinHeapSize                              = 8388608                                   {product} {ergonomic}
    uintx NonProfiledCodeHeapSize                  = 0                                      {pd product} {ergonomic}
     bool ProfileInterpreter                       = false                                  {pd product} {command line}
    uintx ProfiledCodeHeapSize                     = 0                                      {pd product} {ergonomic}
   size_t SoftMaxHeapSize                          = 1073741824                             {manageable} {ergonomic}
     intx TieredStopAtLevel                        = 1                                         {product} {command line}
     bool UseCompressedClassPointers               = true                           {product lp64_product} {ergonomic}
     bool UseCompressedOops                        = true                           {product lp64_product} {ergonomic}
     bool UseG1GC                                  = true                                      {product} {ergonomic}
     bool UseLargePagesIndividualAllocation        = false                                  {pd product} {ergonomic}

Logging:
Log output configuration:
 #0: stdout all=warning,jni+resolve=off uptime,level,tags
 #1: stderr all=off uptime,level,tags

Environment Variables:
JAVA_HOME=C:\Program Files\Java\jdk-17
PATH=C:\Program Files\Eclipse Adoptium\jdk-17.0.5.8-hotspot\bin;C:\Program Files\Common Files\Oracle\Java\javapath;C:\Program Files (x86)\Common Files\Intel\Shared Libraries\redist\intel64\compiler;C:\WINDOWS\system32;C:\WINDOWS;C:\WINDOWS\System32\Wbem;C:\WINDOWS\System32\WindowsPowerShell\v1.0\;C:\WINDOWS\System32\OpenSSH\;C:\Program Files\Microsoft SQL Server\150\Tools\Binn\;C:\Program Files\dotnet\;C:\Program Files\Microsoft SQL Server\130\Tools\Binn\;C:\Program Files\Microsoft SQL Server\Client SDK\ODBC\170\Tools\Binn\;C:\Program Files\nodejs\;C:\Program Files\Git\cmd;C:\WINDOWS\system32;C:\WINDOWS;C:\WINDOWS\System32\Wbem;C:\WINDOWS\System32\WindowsPowerShell\v1.0\;C:\WINDOWS\System32\OpenSSH\;C:\Program Files\Docker\Docker\resources\bin;C:\Users\senab\AppData\Local\Microsoft\WindowsApps;C:\Users\senab\AppData\Local\GitHubDesktop\bin;C:\Users\senab\AppData\Local\Programs\Microsoft VS Code\bin;C:\Users\senab\.dotnet\tools;C:\Users\senab\AppData\Roaming\npm;C:\src\flutter\bin;C:\Users\senab\AppData\Local\Programs\mongosh\;
USERNAME=senab
OS=Windows_NT
PROCESSOR_IDENTIFIER=AMD64 Family 23 Model 96 Stepping 1, AuthenticAMD
TMP=C:\Users\senab\AppData\Local\Temp
TEMP=C:\Users\senab\AppData\Local\Temp



---------------  S Y S T E M  ---------------

OS:
 Windows 11 , 64 bit Build 22621 (10.0.22621.1194)
OS uptime: 3 days 1:55 hours
Hyper-V role detected

CPU: total 6 (initial active 6) (6 cores per cpu, 1 threads per core) family 23 model 96 stepping 1 microcode 0x0, cx8, cmov, fxsr, mmx, 3dnowpref, sse, sse2, sse3, ssse3, sse4a, sse4.1, sse4.2, popcnt, lzcnt, tsc, tscinvbit, avx, avx2, aes, clmul, bmi1, bmi2, adx, sha, fma, vzeroupper, clflush, clflushopt, hv

Memory: 4k page, system-wide physical 7541M (593M free)
TotalPageFile size 31093M (AvailPageFile size 1M)
current process WorkingSet (physical memory assigned to process): 114M, peak: 738M
current process commit charge ("private bytes"): 417M, peak: 903M

vm_info: OpenJDK 64-Bit Server VM (17.0.5+8) for windows-amd64 JRE (17.0.5+8), built on Oct 19 2022 04:48:13 by "temurin" with MS VC++ 16.7 (VS2019)

END.
